[0.242s] DEBUG:colcon:Command line arguments: ['/usr/bin/colcon', 'build', '--packages-select', 'elevator_display']
[0.242s] DEBUG:colcon:Parsed command line arguments: Namespace(log_base=None, log_level=None, verb_name='build', build_base='build', install_base='install', merge_install=False, symlink_install=False, test_result_base=None, continue_on_error=False, executor='parallel', parallel_workers=4, event_handlers=None, ignore_user_meta=False, metas=['./colcon.meta'], base_paths=['.'], packages_ignore=None, packages_ignore_regex=None, paths=None, packages_up_to=None, packages_up_to_regex=None, packages_above=None, packages_above_and_dependencies=None, packages_above_depth=None, packages_select_by_dep=None, packages_skip_by_dep=None, packages_skip_up_to=None, packages_select_build_failed=False, packages_skip_build_finished=False, packages_select_test_failures=False, packages_skip_test_passed=False, packages_select=['elevator_display'], packages_skip=None, packages_select_regex=None, packages_skip_regex=None, packages_start=None, packages_end=None, allow_overriding=[], cmake_args=None, cmake_target=None, cmake_target_skip_unavailable=False, cmake_clean_cache=False, cmake_clean_first=False, cmake_force_configure=False, ament_cmake_args=None, catkin_cmake_args=None, catkin_skip_building_tests=False, verb_parser=<colcon_defaults.argument_parser.defaults.DefaultArgumentsDecorator object at 0x75979f556900>, verb_extension=<colcon_core.verb.build.BuildVerb object at 0x75979f67d910>, main=<bound method BuildVerb.main of <colcon_core.verb.build.BuildVerb object at 0x75979f67d910>>)
[0.332s] Level 1:colcon.colcon_core.package_discovery:discover_packages(colcon_meta) check parameters
[0.332s] Level 1:colcon.colcon_core.package_discovery:discover_packages(recursive) check parameters
[0.333s] Level 1:colcon.colcon_core.package_discovery:discover_packages(ignore) check parameters
[0.333s] Level 1:colcon.colcon_core.package_discovery:discover_packages(path) check parameters
[0.333s] Level 1:colcon.colcon_core.package_discovery:discover_packages(colcon_meta) discover
[0.333s] Level 1:colcon.colcon_core.package_discovery:discover_packages(recursive) discover
[0.333s] INFO:colcon.colcon_core.package_discovery:Crawling recursively for packages in '/home/ros2/intp-ros'
[0.333s] Level 1:colcon.colcon_core.package_identification:_identify(.) by extensions ['ignore', 'ignore_ament_install']
[0.333s] Level 1:colcon.colcon_core.package_identification:_identify(.) by extension 'ignore'
[0.333s] Level 1:colcon.colcon_core.package_identification:_identify(.) by extension 'ignore_ament_install'
[0.333s] Level 1:colcon.colcon_core.package_identification:_identify(.) by extensions ['colcon_pkg']
[0.333s] Level 1:colcon.colcon_core.package_identification:_identify(.) by extension 'colcon_pkg'
[0.333s] Level 1:colcon.colcon_core.package_identification:_identify(.) by extensions ['colcon_meta']
[0.333s] Level 1:colcon.colcon_core.package_identification:_identify(.) by extension 'colcon_meta'
[0.333s] Level 1:colcon.colcon_core.package_identification:_identify(.) by extensions ['ros']
[0.333s] Level 1:colcon.colcon_core.package_identification:_identify(.) by extension 'ros'
[0.350s] Level 1:colcon.colcon_core.package_identification:_identify(.) by extensions ['cmake', 'python']
[0.350s] Level 1:colcon.colcon_core.package_identification:_identify(.) by extension 'cmake'
[0.350s] Level 1:colcon.colcon_core.package_identification:_identify(.) by extension 'python'
[0.350s] Level 1:colcon.colcon_core.package_identification:_identify(.) by extensions ['python_setup_py']
[0.350s] Level 1:colcon.colcon_core.package_identification:_identify(.) by extension 'python_setup_py'
[0.350s] Level 1:colcon.colcon_core.package_identification:_identify(build) by extensions ['ignore', 'ignore_ament_install']
[0.350s] Level 1:colcon.colcon_core.package_identification:_identify(build) by extension 'ignore'
[0.350s] Level 1:colcon.colcon_core.package_identification:_identify(build) ignored
[0.350s] Level 1:colcon.colcon_core.package_identification:_identify(call_button_py) by extensions ['ignore', 'ignore_ament_install']
[0.350s] Level 1:colcon.colcon_core.package_identification:_identify(call_button_py) by extension 'ignore'
[0.350s] Level 1:colcon.colcon_core.package_identification:_identify(call_button_py) by extension 'ignore_ament_install'
[0.350s] Level 1:colcon.colcon_core.package_identification:_identify(call_button_py) by extensions ['colcon_pkg']
[0.350s] Level 1:colcon.colcon_core.package_identification:_identify(call_button_py) by extension 'colcon_pkg'
[0.350s] Level 1:colcon.colcon_core.package_identification:_identify(call_button_py) by extensions ['colcon_meta']
[0.350s] Level 1:colcon.colcon_core.package_identification:_identify(call_button_py) by extension 'colcon_meta'
[0.350s] Level 1:colcon.colcon_core.package_identification:_identify(call_button_py) by extensions ['ros']
[0.350s] Level 1:colcon.colcon_core.package_identification:_identify(call_button_py) by extension 'ros'
[0.356s] DEBUG:colcon.colcon_core.package_identification:Package 'call_button_py' with type 'ros.ament_python' and name 'call_button_py'
[0.356s] Level 1:colcon.colcon_core.package_identification:_identify(call_panel) by extensions ['ignore', 'ignore_ament_install']
[0.356s] Level 1:colcon.colcon_core.package_identification:_identify(call_panel) by extension 'ignore'
[0.356s] Level 1:colcon.colcon_core.package_identification:_identify(call_panel) by extension 'ignore_ament_install'
[0.356s] Level 1:colcon.colcon_core.package_identification:_identify(call_panel) by extensions ['colcon_pkg']
[0.356s] Level 1:colcon.colcon_core.package_identification:_identify(call_panel) by extension 'colcon_pkg'
[0.356s] Level 1:colcon.colcon_core.package_identification:_identify(call_panel) by extensions ['colcon_meta']
[0.356s] Level 1:colcon.colcon_core.package_identification:_identify(call_panel) by extension 'colcon_meta'
[0.356s] Level 1:colcon.colcon_core.package_identification:_identify(call_panel) by extensions ['ros']
[0.356s] Level 1:colcon.colcon_core.package_identification:_identify(call_panel) by extension 'ros'
[0.357s] DEBUG:colcon.colcon_core.package_identification:Package 'call_panel' with type 'ros.ament_cmake' and name 'Aufzug'
[0.357s] Level 1:colcon.colcon_core.package_identification:_identify(elevator) by extensions ['ignore', 'ignore_ament_install']
[0.357s] Level 1:colcon.colcon_core.package_identification:_identify(elevator) by extension 'ignore'
[0.357s] Level 1:colcon.colcon_core.package_identification:_identify(elevator) by extension 'ignore_ament_install'
[0.357s] Level 1:colcon.colcon_core.package_identification:_identify(elevator) by extensions ['colcon_pkg']
[0.357s] Level 1:colcon.colcon_core.package_identification:_identify(elevator) by extension 'colcon_pkg'
[0.357s] Level 1:colcon.colcon_core.package_identification:_identify(elevator) by extensions ['colcon_meta']
[0.357s] Level 1:colcon.colcon_core.package_identification:_identify(elevator) by extension 'colcon_meta'
[0.357s] Level 1:colcon.colcon_core.package_identification:_identify(elevator) by extensions ['ros']
[0.357s] Level 1:colcon.colcon_core.package_identification:_identify(elevator) by extension 'ros'
[0.357s] Level 1:colcon.colcon_core.package_identification:_identify(elevator) by extensions ['cmake', 'python']
[0.357s] Level 1:colcon.colcon_core.package_identification:_identify(elevator) by extension 'cmake'
[0.357s] Level 1:colcon.colcon_core.package_identification:_identify(elevator) by extension 'python'
[0.357s] Level 1:colcon.colcon_core.package_identification:_identify(elevator) by extensions ['python_setup_py']
[0.357s] Level 1:colcon.colcon_core.package_identification:_identify(elevator) by extension 'python_setup_py'
[0.357s] Level 1:colcon.colcon_core.package_identification:_identify(elevator/msgs) by extensions ['ignore', 'ignore_ament_install']
[0.357s] Level 1:colcon.colcon_core.package_identification:_identify(elevator/msgs) by extension 'ignore'
[0.357s] Level 1:colcon.colcon_core.package_identification:_identify(elevator/msgs) by extension 'ignore_ament_install'
[0.357s] Level 1:colcon.colcon_core.package_identification:_identify(elevator/msgs) by extensions ['colcon_pkg']
[0.357s] Level 1:colcon.colcon_core.package_identification:_identify(elevator/msgs) by extension 'colcon_pkg'
[0.357s] Level 1:colcon.colcon_core.package_identification:_identify(elevator/msgs) by extensions ['colcon_meta']
[0.357s] Level 1:colcon.colcon_core.package_identification:_identify(elevator/msgs) by extension 'colcon_meta'
[0.357s] Level 1:colcon.colcon_core.package_identification:_identify(elevator/msgs) by extensions ['ros']
[0.357s] Level 1:colcon.colcon_core.package_identification:_identify(elevator/msgs) by extension 'ros'
[0.357s] Level 1:colcon.colcon_core.package_identification:_identify(elevator/msgs) by extensions ['cmake', 'python']
[0.357s] Level 1:colcon.colcon_core.package_identification:_identify(elevator/msgs) by extension 'cmake'
[0.357s] Level 1:colcon.colcon_core.package_identification:_identify(elevator/msgs) by extension 'python'
[0.357s] Level 1:colcon.colcon_core.package_identification:_identify(elevator/msgs) by extensions ['python_setup_py']
[0.357s] Level 1:colcon.colcon_core.package_identification:_identify(elevator/msgs) by extension 'python_setup_py'
[0.358s] Level 1:colcon.colcon_core.package_identification:_identify(elevator/msgs/builtin_interfaces) by extensions ['ignore', 'ignore_ament_install']
[0.358s] Level 1:colcon.colcon_core.package_identification:_identify(elevator/msgs/builtin_interfaces) by extension 'ignore'
[0.358s] Level 1:colcon.colcon_core.package_identification:_identify(elevator/msgs/builtin_interfaces) by extension 'ignore_ament_install'
[0.358s] Level 1:colcon.colcon_core.package_identification:_identify(elevator/msgs/builtin_interfaces) by extensions ['colcon_pkg']
[0.358s] Level 1:colcon.colcon_core.package_identification:_identify(elevator/msgs/builtin_interfaces) by extension 'colcon_pkg'
[0.358s] Level 1:colcon.colcon_core.package_identification:_identify(elevator/msgs/builtin_interfaces) by extensions ['colcon_meta']
[0.358s] Level 1:colcon.colcon_core.package_identification:_identify(elevator/msgs/builtin_interfaces) by extension 'colcon_meta'
[0.358s] Level 1:colcon.colcon_core.package_identification:_identify(elevator/msgs/builtin_interfaces) by extensions ['ros']
[0.358s] Level 1:colcon.colcon_core.package_identification:_identify(elevator/msgs/builtin_interfaces) by extension 'ros'
[0.358s] Level 1:colcon.colcon_core.package_identification:_identify(elevator/msgs/builtin_interfaces) by extensions ['cmake', 'python']
[0.358s] Level 1:colcon.colcon_core.package_identification:_identify(elevator/msgs/builtin_interfaces) by extension 'cmake'
[0.358s] Level 1:colcon.colcon_core.package_identification:_identify(elevator/msgs/builtin_interfaces) by extension 'python'
[0.358s] Level 1:colcon.colcon_core.package_identification:_identify(elevator/msgs/builtin_interfaces) by extensions ['python_setup_py']
[0.358s] Level 1:colcon.colcon_core.package_identification:_identify(elevator/msgs/builtin_interfaces) by extension 'python_setup_py'
[0.358s] Level 1:colcon.colcon_core.package_identification:_identify(elevator/msgs/builtin_interfaces/msg) by extensions ['ignore', 'ignore_ament_install']
[0.358s] Level 1:colcon.colcon_core.package_identification:_identify(elevator/msgs/builtin_interfaces/msg) by extension 'ignore'
[0.358s] Level 1:colcon.colcon_core.package_identification:_identify(elevator/msgs/builtin_interfaces/msg) by extension 'ignore_ament_install'
[0.358s] Level 1:colcon.colcon_core.package_identification:_identify(elevator/msgs/builtin_interfaces/msg) by extensions ['colcon_pkg']
[0.358s] Level 1:colcon.colcon_core.package_identification:_identify(elevator/msgs/builtin_interfaces/msg) by extension 'colcon_pkg'
[0.358s] Level 1:colcon.colcon_core.package_identification:_identify(elevator/msgs/builtin_interfaces/msg) by extensions ['colcon_meta']
[0.358s] Level 1:colcon.colcon_core.package_identification:_identify(elevator/msgs/builtin_interfaces/msg) by extension 'colcon_meta'
[0.358s] Level 1:colcon.colcon_core.package_identification:_identify(elevator/msgs/builtin_interfaces/msg) by extensions ['ros']
[0.358s] Level 1:colcon.colcon_core.package_identification:_identify(elevator/msgs/builtin_interfaces/msg) by extension 'ros'
[0.358s] Level 1:colcon.colcon_core.package_identification:_identify(elevator/msgs/builtin_interfaces/msg) by extensions ['cmake', 'python']
[0.358s] Level 1:colcon.colcon_core.package_identification:_identify(elevator/msgs/builtin_interfaces/msg) by extension 'cmake'
[0.358s] Level 1:colcon.colcon_core.package_identification:_identify(elevator/msgs/builtin_interfaces/msg) by extension 'python'
[0.358s] Level 1:colcon.colcon_core.package_identification:_identify(elevator/msgs/builtin_interfaces/msg) by extensions ['python_setup_py']
[0.358s] Level 1:colcon.colcon_core.package_identification:_identify(elevator/msgs/builtin_interfaces/msg) by extension 'python_setup_py'
[0.358s] Level 1:colcon.colcon_core.package_identification:_identify(elevator/msgs/elevator_msgs) by extensions ['ignore', 'ignore_ament_install']
[0.358s] Level 1:colcon.colcon_core.package_identification:_identify(elevator/msgs/elevator_msgs) by extension 'ignore'
[0.359s] Level 1:colcon.colcon_core.package_identification:_identify(elevator/msgs/elevator_msgs) by extension 'ignore_ament_install'
[0.359s] Level 1:colcon.colcon_core.package_identification:_identify(elevator/msgs/elevator_msgs) by extensions ['colcon_pkg']
[0.359s] Level 1:colcon.colcon_core.package_identification:_identify(elevator/msgs/elevator_msgs) by extension 'colcon_pkg'
[0.359s] Level 1:colcon.colcon_core.package_identification:_identify(elevator/msgs/elevator_msgs) by extensions ['colcon_meta']
[0.359s] Level 1:colcon.colcon_core.package_identification:_identify(elevator/msgs/elevator_msgs) by extension 'colcon_meta'
[0.359s] Level 1:colcon.colcon_core.package_identification:_identify(elevator/msgs/elevator_msgs) by extensions ['ros']
[0.359s] Level 1:colcon.colcon_core.package_identification:_identify(elevator/msgs/elevator_msgs) by extension 'ros'
[0.359s] Level 1:colcon.colcon_core.package_identification:_identify(elevator/msgs/elevator_msgs) by extensions ['cmake', 'python']
[0.359s] Level 1:colcon.colcon_core.package_identification:_identify(elevator/msgs/elevator_msgs) by extension 'cmake'
[0.359s] Level 1:colcon.colcon_core.package_identification:_identify(elevator/msgs/elevator_msgs) by extension 'python'
[0.359s] Level 1:colcon.colcon_core.package_identification:_identify(elevator/msgs/elevator_msgs) by extensions ['python_setup_py']
[0.359s] Level 1:colcon.colcon_core.package_identification:_identify(elevator/msgs/elevator_msgs) by extension 'python_setup_py'
[0.359s] Level 1:colcon.colcon_core.package_identification:_identify(elevator/msgs/elevator_msgs/msg) by extensions ['ignore', 'ignore_ament_install']
[0.359s] Level 1:colcon.colcon_core.package_identification:_identify(elevator/msgs/elevator_msgs/msg) by extension 'ignore'
[0.359s] Level 1:colcon.colcon_core.package_identification:_identify(elevator/msgs/elevator_msgs/msg) by extension 'ignore_ament_install'
[0.359s] Level 1:colcon.colcon_core.package_identification:_identify(elevator/msgs/elevator_msgs/msg) by extensions ['colcon_pkg']
[0.359s] Level 1:colcon.colcon_core.package_identification:_identify(elevator/msgs/elevator_msgs/msg) by extension 'colcon_pkg'
[0.359s] Level 1:colcon.colcon_core.package_identification:_identify(elevator/msgs/elevator_msgs/msg) by extensions ['colcon_meta']
[0.359s] Level 1:colcon.colcon_core.package_identification:_identify(elevator/msgs/elevator_msgs/msg) by extension 'colcon_meta'
[0.359s] Level 1:colcon.colcon_core.package_identification:_identify(elevator/msgs/elevator_msgs/msg) by extensions ['ros']
[0.359s] Level 1:colcon.colcon_core.package_identification:_identify(elevator/msgs/elevator_msgs/msg) by extension 'ros'
[0.359s] Level 1:colcon.colcon_core.package_identification:_identify(elevator/msgs/elevator_msgs/msg) by extensions ['cmake', 'python']
[0.359s] Level 1:colcon.colcon_core.package_identification:_identify(elevator/msgs/elevator_msgs/msg) by extension 'cmake'
[0.359s] Level 1:colcon.colcon_core.package_identification:_identify(elevator/msgs/elevator_msgs/msg) by extension 'python'
[0.359s] Level 1:colcon.colcon_core.package_identification:_identify(elevator/msgs/elevator_msgs/msg) by extensions ['python_setup_py']
[0.359s] Level 1:colcon.colcon_core.package_identification:_identify(elevator/msgs/elevator_msgs/msg) by extension 'python_setup_py'
[0.359s] Level 1:colcon.colcon_core.package_identification:_identify(elevator/msgs/greeting_msgs) by extensions ['ignore', 'ignore_ament_install']
[0.359s] Level 1:colcon.colcon_core.package_identification:_identify(elevator/msgs/greeting_msgs) by extension 'ignore'
[0.359s] Level 1:colcon.colcon_core.package_identification:_identify(elevator/msgs/greeting_msgs) by extension 'ignore_ament_install'
[0.359s] Level 1:colcon.colcon_core.package_identification:_identify(elevator/msgs/greeting_msgs) by extensions ['colcon_pkg']
[0.359s] Level 1:colcon.colcon_core.package_identification:_identify(elevator/msgs/greeting_msgs) by extension 'colcon_pkg'
[0.359s] Level 1:colcon.colcon_core.package_identification:_identify(elevator/msgs/greeting_msgs) by extensions ['colcon_meta']
[0.359s] Level 1:colcon.colcon_core.package_identification:_identify(elevator/msgs/greeting_msgs) by extension 'colcon_meta'
[0.359s] Level 1:colcon.colcon_core.package_identification:_identify(elevator/msgs/greeting_msgs) by extensions ['ros']
[0.359s] Level 1:colcon.colcon_core.package_identification:_identify(elevator/msgs/greeting_msgs) by extension 'ros'
[0.359s] Level 1:colcon.colcon_core.package_identification:_identify(elevator/msgs/greeting_msgs) by extensions ['cmake', 'python']
[0.359s] Level 1:colcon.colcon_core.package_identification:_identify(elevator/msgs/greeting_msgs) by extension 'cmake'
[0.359s] Level 1:colcon.colcon_core.package_identification:_identify(elevator/msgs/greeting_msgs) by extension 'python'
[0.359s] Level 1:colcon.colcon_core.package_identification:_identify(elevator/msgs/greeting_msgs) by extensions ['python_setup_py']
[0.359s] Level 1:colcon.colcon_core.package_identification:_identify(elevator/msgs/greeting_msgs) by extension 'python_setup_py'
[0.359s] Level 1:colcon.colcon_core.package_identification:_identify(elevator/msgs/greeting_msgs/msg) by extensions ['ignore', 'ignore_ament_install']
[0.360s] Level 1:colcon.colcon_core.package_identification:_identify(elevator/msgs/greeting_msgs/msg) by extension 'ignore'
[0.360s] Level 1:colcon.colcon_core.package_identification:_identify(elevator/msgs/greeting_msgs/msg) by extension 'ignore_ament_install'
[0.360s] Level 1:colcon.colcon_core.package_identification:_identify(elevator/msgs/greeting_msgs/msg) by extensions ['colcon_pkg']
[0.360s] Level 1:colcon.colcon_core.package_identification:_identify(elevator/msgs/greeting_msgs/msg) by extension 'colcon_pkg'
[0.360s] Level 1:colcon.colcon_core.package_identification:_identify(elevator/msgs/greeting_msgs/msg) by extensions ['colcon_meta']
[0.360s] Level 1:colcon.colcon_core.package_identification:_identify(elevator/msgs/greeting_msgs/msg) by extension 'colcon_meta'
[0.360s] Level 1:colcon.colcon_core.package_identification:_identify(elevator/msgs/greeting_msgs/msg) by extensions ['ros']
[0.360s] Level 1:colcon.colcon_core.package_identification:_identify(elevator/msgs/greeting_msgs/msg) by extension 'ros'
[0.360s] Level 1:colcon.colcon_core.package_identification:_identify(elevator/msgs/greeting_msgs/msg) by extensions ['cmake', 'python']
[0.360s] Level 1:colcon.colcon_core.package_identification:_identify(elevator/msgs/greeting_msgs/msg) by extension 'cmake'
[0.360s] Level 1:colcon.colcon_core.package_identification:_identify(elevator/msgs/greeting_msgs/msg) by extension 'python'
[0.360s] Level 1:colcon.colcon_core.package_identification:_identify(elevator/msgs/greeting_msgs/msg) by extensions ['python_setup_py']
[0.360s] Level 1:colcon.colcon_core.package_identification:_identify(elevator/msgs/greeting_msgs/msg) by extension 'python_setup_py'
[0.360s] Level 1:colcon.colcon_core.package_identification:_identify(elevator/msgs/std_msgs) by extensions ['ignore', 'ignore_ament_install']
[0.360s] Level 1:colcon.colcon_core.package_identification:_identify(elevator/msgs/std_msgs) by extension 'ignore'
[0.360s] Level 1:colcon.colcon_core.package_identification:_identify(elevator/msgs/std_msgs) by extension 'ignore_ament_install'
[0.360s] Level 1:colcon.colcon_core.package_identification:_identify(elevator/msgs/std_msgs) by extensions ['colcon_pkg']
[0.360s] Level 1:colcon.colcon_core.package_identification:_identify(elevator/msgs/std_msgs) by extension 'colcon_pkg'
[0.360s] Level 1:colcon.colcon_core.package_identification:_identify(elevator/msgs/std_msgs) by extensions ['colcon_meta']
[0.360s] Level 1:colcon.colcon_core.package_identification:_identify(elevator/msgs/std_msgs) by extension 'colcon_meta'
[0.360s] Level 1:colcon.colcon_core.package_identification:_identify(elevator/msgs/std_msgs) by extensions ['ros']
[0.360s] Level 1:colcon.colcon_core.package_identification:_identify(elevator/msgs/std_msgs) by extension 'ros'
[0.360s] Level 1:colcon.colcon_core.package_identification:_identify(elevator/msgs/std_msgs) by extensions ['cmake', 'python']
[0.360s] Level 1:colcon.colcon_core.package_identification:_identify(elevator/msgs/std_msgs) by extension 'cmake'
[0.360s] Level 1:colcon.colcon_core.package_identification:_identify(elevator/msgs/std_msgs) by extension 'python'
[0.360s] Level 1:colcon.colcon_core.package_identification:_identify(elevator/msgs/std_msgs) by extensions ['python_setup_py']
[0.360s] Level 1:colcon.colcon_core.package_identification:_identify(elevator/msgs/std_msgs) by extension 'python_setup_py'
[0.360s] Level 1:colcon.colcon_core.package_identification:_identify(elevator/msgs/std_msgs/msg) by extensions ['ignore', 'ignore_ament_install']
[0.360s] Level 1:colcon.colcon_core.package_identification:_identify(elevator/msgs/std_msgs/msg) by extension 'ignore'
[0.360s] Level 1:colcon.colcon_core.package_identification:_identify(elevator/msgs/std_msgs/msg) by extension 'ignore_ament_install'
[0.360s] Level 1:colcon.colcon_core.package_identification:_identify(elevator/msgs/std_msgs/msg) by extensions ['colcon_pkg']
[0.360s] Level 1:colcon.colcon_core.package_identification:_identify(elevator/msgs/std_msgs/msg) by extension 'colcon_pkg'
[0.360s] Level 1:colcon.colcon_core.package_identification:_identify(elevator/msgs/std_msgs/msg) by extensions ['colcon_meta']
[0.360s] Level 1:colcon.colcon_core.package_identification:_identify(elevator/msgs/std_msgs/msg) by extension 'colcon_meta'
[0.360s] Level 1:colcon.colcon_core.package_identification:_identify(elevator/msgs/std_msgs/msg) by extensions ['ros']
[0.360s] Level 1:colcon.colcon_core.package_identification:_identify(elevator/msgs/std_msgs/msg) by extension 'ros'
[0.360s] Level 1:colcon.colcon_core.package_identification:_identify(elevator/msgs/std_msgs/msg) by extensions ['cmake', 'python']
[0.360s] Level 1:colcon.colcon_core.package_identification:_identify(elevator/msgs/std_msgs/msg) by extension 'cmake'
[0.360s] Level 1:colcon.colcon_core.package_identification:_identify(elevator/msgs/std_msgs/msg) by extension 'python'
[0.360s] Level 1:colcon.colcon_core.package_identification:_identify(elevator/msgs/std_msgs/msg) by extensions ['python_setup_py']
[0.360s] Level 1:colcon.colcon_core.package_identification:_identify(elevator/msgs/std_msgs/msg) by extension 'python_setup_py'
[0.361s] Level 1:colcon.colcon_core.package_identification:_identify(elevator/src) by extensions ['ignore', 'ignore_ament_install']
[0.361s] Level 1:colcon.colcon_core.package_identification:_identify(elevator/src) by extension 'ignore'
[0.361s] Level 1:colcon.colcon_core.package_identification:_identify(elevator/src) by extension 'ignore_ament_install'
[0.361s] Level 1:colcon.colcon_core.package_identification:_identify(elevator/src) by extensions ['colcon_pkg']
[0.361s] Level 1:colcon.colcon_core.package_identification:_identify(elevator/src) by extension 'colcon_pkg'
[0.361s] Level 1:colcon.colcon_core.package_identification:_identify(elevator/src) by extensions ['colcon_meta']
[0.361s] Level 1:colcon.colcon_core.package_identification:_identify(elevator/src) by extension 'colcon_meta'
[0.361s] Level 1:colcon.colcon_core.package_identification:_identify(elevator/src) by extensions ['ros']
[0.361s] Level 1:colcon.colcon_core.package_identification:_identify(elevator/src) by extension 'ros'
[0.361s] Level 1:colcon.colcon_core.package_identification:_identify(elevator/src) by extensions ['cmake', 'python']
[0.361s] Level 1:colcon.colcon_core.package_identification:_identify(elevator/src) by extension 'cmake'
[0.361s] Level 1:colcon.colcon_core.package_identification:_identify(elevator/src) by extension 'python'
[0.361s] Level 1:colcon.colcon_core.package_identification:_identify(elevator/src) by extensions ['python_setup_py']
[0.361s] Level 1:colcon.colcon_core.package_identification:_identify(elevator/src) by extension 'python_setup_py'
[0.361s] Level 1:colcon.colcon_core.package_identification:_identify(elevator/src/msgs) by extensions ['ignore', 'ignore_ament_install']
[0.361s] Level 1:colcon.colcon_core.package_identification:_identify(elevator/src/msgs) by extension 'ignore'
[0.361s] Level 1:colcon.colcon_core.package_identification:_identify(elevator/src/msgs) by extension 'ignore_ament_install'
[0.361s] Level 1:colcon.colcon_core.package_identification:_identify(elevator/src/msgs) by extensions ['colcon_pkg']
[0.361s] Level 1:colcon.colcon_core.package_identification:_identify(elevator/src/msgs) by extension 'colcon_pkg'
[0.361s] Level 1:colcon.colcon_core.package_identification:_identify(elevator/src/msgs) by extensions ['colcon_meta']
[0.361s] Level 1:colcon.colcon_core.package_identification:_identify(elevator/src/msgs) by extension 'colcon_meta'
[0.361s] Level 1:colcon.colcon_core.package_identification:_identify(elevator/src/msgs) by extensions ['ros']
[0.361s] Level 1:colcon.colcon_core.package_identification:_identify(elevator/src/msgs) by extension 'ros'
[0.361s] Level 1:colcon.colcon_core.package_identification:_identify(elevator/src/msgs) by extensions ['cmake', 'python']
[0.361s] Level 1:colcon.colcon_core.package_identification:_identify(elevator/src/msgs) by extension 'cmake'
[0.361s] Level 1:colcon.colcon_core.package_identification:_identify(elevator/src/msgs) by extension 'python'
[0.361s] Level 1:colcon.colcon_core.package_identification:_identify(elevator/src/msgs) by extensions ['python_setup_py']
[0.361s] Level 1:colcon.colcon_core.package_identification:_identify(elevator/src/msgs) by extension 'python_setup_py'
[0.361s] Level 1:colcon.colcon_core.package_identification:_identify(elevator_msgs) by extensions ['ignore', 'ignore_ament_install']
[0.362s] Level 1:colcon.colcon_core.package_identification:_identify(elevator_msgs) by extension 'ignore'
[0.362s] Level 1:colcon.colcon_core.package_identification:_identify(elevator_msgs) by extension 'ignore_ament_install'
[0.362s] Level 1:colcon.colcon_core.package_identification:_identify(elevator_msgs) by extensions ['colcon_pkg']
[0.362s] Level 1:colcon.colcon_core.package_identification:_identify(elevator_msgs) by extension 'colcon_pkg'
[0.362s] Level 1:colcon.colcon_core.package_identification:_identify(elevator_msgs) by extensions ['colcon_meta']
[0.362s] Level 1:colcon.colcon_core.package_identification:_identify(elevator_msgs) by extension 'colcon_meta'
[0.362s] Level 1:colcon.colcon_core.package_identification:_identify(elevator_msgs) by extensions ['ros']
[0.362s] Level 1:colcon.colcon_core.package_identification:_identify(elevator_msgs) by extension 'ros'
[0.362s] DEBUG:colcon.colcon_core.package_identification:Package 'elevator_msgs' with type 'ros.ament_cmake' and name 'elevator_msgs'
[0.362s] Level 1:colcon.colcon_core.package_identification:_identify(elevator_node) by extensions ['ignore', 'ignore_ament_install']
[0.362s] Level 1:colcon.colcon_core.package_identification:_identify(elevator_node) by extension 'ignore'
[0.362s] Level 1:colcon.colcon_core.package_identification:_identify(elevator_node) by extension 'ignore_ament_install'
[0.362s] Level 1:colcon.colcon_core.package_identification:_identify(elevator_node) by extensions ['colcon_pkg']
[0.362s] Level 1:colcon.colcon_core.package_identification:_identify(elevator_node) by extension 'colcon_pkg'
[0.362s] Level 1:colcon.colcon_core.package_identification:_identify(elevator_node) by extensions ['colcon_meta']
[0.362s] Level 1:colcon.colcon_core.package_identification:_identify(elevator_node) by extension 'colcon_meta'
[0.362s] Level 1:colcon.colcon_core.package_identification:_identify(elevator_node) by extensions ['ros']
[0.362s] Level 1:colcon.colcon_core.package_identification:_identify(elevator_node) by extension 'ros'
[0.362s] Level 1:colcon.colcon_core.package_identification:_identify(elevator_node) by extensions ['cmake', 'python']
[0.362s] Level 1:colcon.colcon_core.package_identification:_identify(elevator_node) by extension 'cmake'
[0.362s] Level 1:colcon.colcon_core.package_identification:_identify(elevator_node) by extension 'python'
[0.362s] Level 1:colcon.colcon_core.package_identification:_identify(elevator_node) by extensions ['python_setup_py']
[0.362s] Level 1:colcon.colcon_core.package_identification:_identify(elevator_node) by extension 'python_setup_py'
[0.362s] Level 1:colcon.colcon_core.package_identification:_identify(elevator_node/src) by extensions ['ignore', 'ignore_ament_install']
[0.363s] Level 1:colcon.colcon_core.package_identification:_identify(elevator_node/src) by extension 'ignore'
[0.363s] Level 1:colcon.colcon_core.package_identification:_identify(elevator_node/src) by extension 'ignore_ament_install'
[0.363s] Level 1:colcon.colcon_core.package_identification:_identify(elevator_node/src) by extensions ['colcon_pkg']
[0.363s] Level 1:colcon.colcon_core.package_identification:_identify(elevator_node/src) by extension 'colcon_pkg'
[0.363s] Level 1:colcon.colcon_core.package_identification:_identify(elevator_node/src) by extensions ['colcon_meta']
[0.363s] Level 1:colcon.colcon_core.package_identification:_identify(elevator_node/src) by extension 'colcon_meta'
[0.363s] Level 1:colcon.colcon_core.package_identification:_identify(elevator_node/src) by extensions ['ros']
[0.363s] Level 1:colcon.colcon_core.package_identification:_identify(elevator_node/src) by extension 'ros'
[0.363s] Level 1:colcon.colcon_core.package_identification:_identify(elevator_node/src) by extensions ['cmake', 'python']
[0.363s] Level 1:colcon.colcon_core.package_identification:_identify(elevator_node/src) by extension 'cmake'
[0.363s] Level 1:colcon.colcon_core.package_identification:_identify(elevator_node/src) by extension 'python'
[0.363s] Level 1:colcon.colcon_core.package_identification:_identify(elevator_node/src) by extensions ['python_setup_py']
[0.363s] Level 1:colcon.colcon_core.package_identification:_identify(elevator_node/src) by extension 'python_setup_py'
[0.363s] Level 1:colcon.colcon_core.package_identification:_identify(etagen_disp) by extensions ['ignore', 'ignore_ament_install']
[0.363s] Level 1:colcon.colcon_core.package_identification:_identify(etagen_disp) by extension 'ignore'
[0.363s] Level 1:colcon.colcon_core.package_identification:_identify(etagen_disp) by extension 'ignore_ament_install'
[0.363s] Level 1:colcon.colcon_core.package_identification:_identify(etagen_disp) by extensions ['colcon_pkg']
[0.363s] Level 1:colcon.colcon_core.package_identification:_identify(etagen_disp) by extension 'colcon_pkg'
[0.363s] Level 1:colcon.colcon_core.package_identification:_identify(etagen_disp) by extensions ['colcon_meta']
[0.363s] Level 1:colcon.colcon_core.package_identification:_identify(etagen_disp) by extension 'colcon_meta'
[0.363s] Level 1:colcon.colcon_core.package_identification:_identify(etagen_disp) by extensions ['ros']
[0.363s] Level 1:colcon.colcon_core.package_identification:_identify(etagen_disp) by extension 'ros'
[0.363s] Level 1:colcon.colcon_core.package_identification:_identify(etagen_disp) by extensions ['cmake', 'python']
[0.363s] Level 1:colcon.colcon_core.package_identification:_identify(etagen_disp) by extension 'cmake'
[0.363s] Level 1:colcon.colcon_core.package_identification:_identify(etagen_disp) by extension 'python'
[0.363s] Level 1:colcon.colcon_core.package_identification:_identify(etagen_disp) by extensions ['python_setup_py']
[0.363s] Level 1:colcon.colcon_core.package_identification:_identify(etagen_disp) by extension 'python_setup_py'
[0.363s] Level 1:colcon.colcon_core.package_identification:_identify(etagen_disp/etagen_display) by extensions ['ignore', 'ignore_ament_install']
[0.363s] Level 1:colcon.colcon_core.package_identification:_identify(etagen_disp/etagen_display) by extension 'ignore'
[0.363s] Level 1:colcon.colcon_core.package_identification:_identify(etagen_disp/etagen_display) by extension 'ignore_ament_install'
[0.363s] Level 1:colcon.colcon_core.package_identification:_identify(etagen_disp/etagen_display) by extensions ['colcon_pkg']
[0.363s] Level 1:colcon.colcon_core.package_identification:_identify(etagen_disp/etagen_display) by extension 'colcon_pkg'
[0.363s] Level 1:colcon.colcon_core.package_identification:_identify(etagen_disp/etagen_display) by extensions ['colcon_meta']
[0.363s] Level 1:colcon.colcon_core.package_identification:_identify(etagen_disp/etagen_display) by extension 'colcon_meta'
[0.363s] Level 1:colcon.colcon_core.package_identification:_identify(etagen_disp/etagen_display) by extensions ['ros']
[0.363s] Level 1:colcon.colcon_core.package_identification:_identify(etagen_disp/etagen_display) by extension 'ros'
[0.365s] DEBUG:colcon.colcon_core.package_identification:Package 'etagen_disp/etagen_display' with type 'ros.ament_cmake' and name 'etagen_display'
[0.365s] Level 1:colcon.colcon_core.package_identification:_identify(etagen_disp/src) by extensions ['ignore', 'ignore_ament_install']
[0.365s] Level 1:colcon.colcon_core.package_identification:_identify(etagen_disp/src) by extension 'ignore'
[0.365s] Level 1:colcon.colcon_core.package_identification:_identify(etagen_disp/src) by extension 'ignore_ament_install'
[0.365s] Level 1:colcon.colcon_core.package_identification:_identify(etagen_disp/src) by extensions ['colcon_pkg']
[0.365s] Level 1:colcon.colcon_core.package_identification:_identify(etagen_disp/src) by extension 'colcon_pkg'
[0.365s] Level 1:colcon.colcon_core.package_identification:_identify(etagen_disp/src) by extensions ['colcon_meta']
[0.365s] Level 1:colcon.colcon_core.package_identification:_identify(etagen_disp/src) by extension 'colcon_meta'
[0.365s] Level 1:colcon.colcon_core.package_identification:_identify(etagen_disp/src) by extensions ['ros']
[0.365s] Level 1:colcon.colcon_core.package_identification:_identify(etagen_disp/src) by extension 'ros'
[0.365s] Level 1:colcon.colcon_core.package_identification:_identify(etagen_disp/src) by extensions ['cmake', 'python']
[0.365s] Level 1:colcon.colcon_core.package_identification:_identify(etagen_disp/src) by extension 'cmake'
[0.365s] Level 1:colcon.colcon_core.package_identification:_identify(etagen_disp/src) by extension 'python'
[0.365s] Level 1:colcon.colcon_core.package_identification:_identify(etagen_disp/src) by extensions ['python_setup_py']
[0.365s] Level 1:colcon.colcon_core.package_identification:_identify(etagen_disp/src) by extension 'python_setup_py'
[0.365s] Level 1:colcon.colcon_core.package_identification:_identify(greeting_msgs) by extensions ['ignore', 'ignore_ament_install']
[0.365s] Level 1:colcon.colcon_core.package_identification:_identify(greeting_msgs) by extension 'ignore'
[0.365s] Level 1:colcon.colcon_core.package_identification:_identify(greeting_msgs) by extension 'ignore_ament_install'
[0.365s] Level 1:colcon.colcon_core.package_identification:_identify(greeting_msgs) by extensions ['colcon_pkg']
[0.365s] Level 1:colcon.colcon_core.package_identification:_identify(greeting_msgs) by extension 'colcon_pkg'
[0.365s] Level 1:colcon.colcon_core.package_identification:_identify(greeting_msgs) by extensions ['colcon_meta']
[0.365s] Level 1:colcon.colcon_core.package_identification:_identify(greeting_msgs) by extension 'colcon_meta'
[0.365s] Level 1:colcon.colcon_core.package_identification:_identify(greeting_msgs) by extensions ['ros']
[0.365s] Level 1:colcon.colcon_core.package_identification:_identify(greeting_msgs) by extension 'ros'
[0.366s] DEBUG:colcon.colcon_core.package_identification:Package 'greeting_msgs' with type 'ros.ament_cmake' and name 'greeting_msgs'
[0.366s] Level 1:colcon.colcon_core.package_identification:_identify(install) by extensions ['ignore', 'ignore_ament_install']
[0.366s] Level 1:colcon.colcon_core.package_identification:_identify(install) by extension 'ignore'
[0.366s] Level 1:colcon.colcon_core.package_identification:_identify(install) ignored
[0.366s] Level 1:colcon.colcon_core.package_identification:_identify(log) by extensions ['ignore', 'ignore_ament_install']
[0.366s] Level 1:colcon.colcon_core.package_identification:_identify(log) by extension 'ignore'
[0.366s] Level 1:colcon.colcon_core.package_identification:_identify(log) ignored
[0.366s] Level 1:colcon.colcon_core.package_discovery:discover_packages(recursive) using defaults
[0.366s] Level 1:colcon.colcon_core.package_discovery:discover_packages(ignore) discover
[0.366s] Level 1:colcon.colcon_core.package_discovery:discover_packages(ignore) using defaults
[0.366s] Level 1:colcon.colcon_core.package_discovery:discover_packages(path) discover
[0.366s] Level 1:colcon.colcon_core.package_discovery:discover_packages(path) using defaults
[0.366s] WARNING:colcon.colcon_core.package_selection:ignoring unknown package 'elevator_display' in --packages-select
[0.434s] INFO:colcon.colcon_core.package_selection:Skipping not selected package 'Aufzug' in 'call_panel'
[0.434s] INFO:colcon.colcon_core.package_selection:Skipping not selected package 'call_button_py' in 'call_button_py'
[0.434s] INFO:colcon.colcon_core.package_selection:Skipping not selected package 'elevator_msgs' in 'elevator_msgs'
[0.434s] INFO:colcon.colcon_core.package_selection:Skipping not selected package 'etagen_display' in 'etagen_disp/etagen_display'
[0.434s] INFO:colcon.colcon_core.package_selection:Skipping not selected package 'greeting_msgs' in 'greeting_msgs'
[0.435s] Level 1:colcon.colcon_core.package_discovery:discover_packages(prefix_path) check parameters
[0.435s] Level 1:colcon.colcon_core.package_discovery:discover_packages(prefix_path) discover
[0.442s] DEBUG:colcon.colcon_installed_package_information.package_discovery:Found 1 installed packages in /home/ros2/intp-ros/install
[0.442s] DEBUG:colcon.colcon_installed_package_information.package_discovery:Found 285 installed packages in /opt/ros/jazzy
[0.443s] Level 1:colcon.colcon_core.package_discovery:discover_packages(prefix_path) using defaults
[0.469s] INFO:colcon.colcon_core.executor:Executing jobs using 'parallel' executor
[0.470s] DEBUG:colcon.colcon_parallel_executor.executor.parallel:run_until_complete
[0.471s] DEBUG:colcon.colcon_parallel_executor.executor.parallel:closing loop
[0.471s] DEBUG:colcon.colcon_parallel_executor.executor.parallel:loop closed
[0.471s] DEBUG:colcon.colcon_parallel_executor.executor.parallel:run_until_complete finished with '0'
[0.471s] DEBUG:colcon.colcon_core.event_reactor:joining thread
[0.493s] INFO:colcon.colcon_core.plugin_system:Skipping extension 'colcon_notification.desktop_notification.terminal_notifier': Not used on non-Darwin systems
[0.494s] INFO:colcon.colcon_core.plugin_system:Skipping extension 'colcon_notification.desktop_notification.win32': Not used on non-Windows systems
[0.494s] INFO:colcon.colcon_notification.desktop_notification:Sending desktop notification using 'notify2'
[0.527s] DEBUG:colcon.colcon_core.event_reactor:joined thread
[0.540s] INFO:colcon.colcon_core.plugin_system:Skipping extension 'colcon_core.shell.bat': Not used on non-Windows systems
[0.541s] INFO:colcon.colcon_core.shell:Creating prefix script '/home/ros2/intp-ros/install/local_setup.ps1'
[0.543s] INFO:colcon.colcon_core.shell:Creating prefix util module '/home/ros2/intp-ros/install/_local_setup_util_ps1.py'
[0.545s] INFO:colcon.colcon_core.shell:Creating prefix chain script '/home/ros2/intp-ros/install/setup.ps1'
[0.547s] INFO:colcon.colcon_core.shell:Creating prefix script '/home/ros2/intp-ros/install/local_setup.sh'
[0.548s] INFO:colcon.colcon_core.shell:Creating prefix util module '/home/ros2/intp-ros/install/_local_setup_util_sh.py'
[0.548s] INFO:colcon.colcon_core.shell:Creating prefix chain script '/home/ros2/intp-ros/install/setup.sh'
[0.550s] INFO:colcon.colcon_core.shell:Creating prefix script '/home/ros2/intp-ros/install/local_setup.bash'
[0.552s] INFO:colcon.colcon_core.shell:Creating prefix chain script '/home/ros2/intp-ros/install/setup.bash'
[0.553s] INFO:colcon.colcon_core.shell:Creating prefix script '/home/ros2/intp-ros/install/local_setup.zsh'
[0.555s] INFO:colcon.colcon_core.shell:Creating prefix chain script '/home/ros2/intp-ros/install/setup.zsh'
