[ 50%] [32mBuilding CXX object CMakeFiles/elevator_display_node.dir/src/elevator_display_node.cpp.o[0m
[100%] [32m[1mLinking CXX executable elevator_display_node[0m
[100%] Built target elevator_display_node
-- Install configuration: ""
-- Installing: /home/ros2/intp-ros/install/etagen_display/lib/etagen_display/elevator_display_node
-- Set non-toolchain portion of runtime path of "/home/ros2/intp-ros/install/etagen_display/lib/etagen_display/elevator_display_node" to ""
-- Up-to-date: /home/ros2/intp-ros/install/etagen_display/share/ament_index/resource_index/package_run_dependencies/etagen_display
-- Up-to-date: /home/ros2/intp-ros/install/etagen_display/share/ament_index/resource_index/parent_prefix_path/etagen_display
-- Up-to-date: /home/ros2/intp-ros/install/etagen_display/share/etagen_display/environment/ament_prefix_path.sh
-- Up-to-date: /home/ros2/intp-ros/install/etagen_display/share/etagen_display/environment/ament_prefix_path.dsv
-- Up-to-date: /home/ros2/intp-ros/install/etagen_display/share/etagen_display/environment/path.sh
-- Up-to-date: /home/ros2/intp-ros/install/etagen_display/share/etagen_display/environment/path.dsv
-- Up-to-date: /home/ros2/intp-ros/install/etagen_display/share/etagen_display/local_setup.bash
-- Up-to-date: /home/ros2/intp-ros/install/etagen_display/share/etagen_display/local_setup.sh
-- Up-to-date: /home/ros2/intp-ros/install/etagen_display/share/etagen_display/local_setup.zsh
-- Up-to-date: /home/ros2/intp-ros/install/etagen_display/share/etagen_display/local_setup.dsv
-- Installing: /home/ros2/intp-ros/install/etagen_display/share/etagen_display/package.dsv
-- Up-to-date: /home/ros2/intp-ros/install/etagen_display/share/ament_index/resource_index/packages/etagen_display
-- Up-to-date: /home/ros2/intp-ros/install/etagen_display/share/etagen_display/cmake/etagen_displayConfig.cmake
-- Up-to-date: /home/ros2/intp-ros/install/etagen_display/share/etagen_display/cmake/etagen_displayConfig-version.cmake
-- Up-to-date: /home/ros2/intp-ros/install/etagen_display/share/etagen_display/package.xml
