[0.017s] Invoking command in '/home/ros2/intp-ros/build/etagen_display': CMAKE_PREFIX_PATH=${CMAKE_PREFIX_PATH}:/home/ros2/intp-ros/install/call_button_py:/opt/ros/jazzy DEBUGINFOD_URLS=https://debuginfod.ubuntu.com /usr/bin/cmake --build /home/ros2/intp-ros/build/etagen_display -- -j4 -l4
[0.078s] [ 50%] [32mBuilding CXX object CMakeFiles/elevator_display_node.dir/src/elevator_display_node.cpp.o[0m
[9.017s] [100%] [32m[1mLinking CXX executable elevator_display_node[0m
[9.306s] [100%] Built target elevator_display_node
[9.326s] Invoked command in '/home/ros2/intp-ros/build/etagen_display' returned '0': CMAKE_PREFIX_PATH=${CMAKE_PREFIX_PATH}:/home/ros2/intp-ros/install/call_button_py:/opt/ros/jazzy DEBUGINFOD_URLS=https://debuginfod.ubuntu.com /usr/bin/cmake --build /home/ros2/intp-ros/build/etagen_display -- -j4 -l4
[9.373s] Invoking command in '/home/ros2/intp-ros/build/etagen_display': CMAKE_PREFIX_PATH=${CMAKE_PREFIX_PATH}:/home/ros2/intp-ros/install/call_button_py:/opt/ros/jazzy DEBUGINFOD_URLS=https://debuginfod.ubuntu.com /usr/bin/cmake --install /home/ros2/intp-ros/build/etagen_display
[9.380s] -- Install configuration: ""
[9.380s] -- Installing: /home/ros2/intp-ros/install/etagen_display/lib/etagen_display/elevator_display_node
[9.386s] -- Set non-toolchain portion of runtime path of "/home/ros2/intp-ros/install/etagen_display/lib/etagen_display/elevator_display_node" to ""
[9.386s] -- Up-to-date: /home/ros2/intp-ros/install/etagen_display/share/ament_index/resource_index/package_run_dependencies/etagen_display
[9.386s] -- Up-to-date: /home/ros2/intp-ros/install/etagen_display/share/ament_index/resource_index/parent_prefix_path/etagen_display
[9.386s] -- Up-to-date: /home/ros2/intp-ros/install/etagen_display/share/etagen_display/environment/ament_prefix_path.sh
[9.386s] -- Up-to-date: /home/ros2/intp-ros/install/etagen_display/share/etagen_display/environment/ament_prefix_path.dsv
[9.386s] -- Up-to-date: /home/ros2/intp-ros/install/etagen_display/share/etagen_display/environment/path.sh
[9.386s] -- Up-to-date: /home/ros2/intp-ros/install/etagen_display/share/etagen_display/environment/path.dsv
[9.386s] -- Up-to-date: /home/ros2/intp-ros/install/etagen_display/share/etagen_display/local_setup.bash
[9.386s] -- Up-to-date: /home/ros2/intp-ros/install/etagen_display/share/etagen_display/local_setup.sh
[9.386s] -- Up-to-date: /home/ros2/intp-ros/install/etagen_display/share/etagen_display/local_setup.zsh
[9.386s] -- Up-to-date: /home/ros2/intp-ros/install/etagen_display/share/etagen_display/local_setup.dsv
[9.386s] -- Installing: /home/ros2/intp-ros/install/etagen_display/share/etagen_display/package.dsv
[9.386s] -- Up-to-date: /home/ros2/intp-ros/install/etagen_display/share/ament_index/resource_index/packages/etagen_display
[9.386s] -- Up-to-date: /home/ros2/intp-ros/install/etagen_display/share/etagen_display/cmake/etagen_displayConfig.cmake
[9.387s] -- Up-to-date: /home/ros2/intp-ros/install/etagen_display/share/etagen_display/cmake/etagen_displayConfig-version.cmake
[9.387s] -- Up-to-date: /home/ros2/intp-ros/install/etagen_display/share/etagen_display/package.xml
[9.388s] Invoked command in '/home/ros2/intp-ros/build/etagen_display' returned '0': CMAKE_PREFIX_PATH=${CMAKE_PREFIX_PATH}:/home/ros2/intp-ros/install/call_button_py:/opt/ros/jazzy DEBUGINFOD_URLS=https://debuginfod.ubuntu.com /usr/bin/cmake --install /home/ros2/intp-ros/build/etagen_display
