running egg_info
creating ../build/call_button_py/call_button_py.egg-info
writing ../build/call_button_py/call_button_py.egg-info/PKG-INFO
writing dependency_links to ../build/call_button_py/call_button_py.egg-info/dependency_links.txt
writing entry points to ../build/call_button_py/call_button_py.egg-info/entry_points.txt
writing requirements to ../build/call_button_py/call_button_py.egg-info/requires.txt
writing top-level names to ../build/call_button_py/call_button_py.egg-info/top_level.txt
writing manifest file '../build/call_button_py/call_button_py.egg-info/SOURCES.txt'
reading manifest file '../build/call_button_py/call_button_py.egg-info/SOURCES.txt'
adding license file 'LICENSE'
writing manifest file '../build/call_button_py/call_button_py.egg-info/SOURCES.txt'
running build
running build_py
creating /home/ros2/ros2_ws/src/aufzug/build/call_button_py/build
creating /home/ros2/ros2_ws/src/aufzug/build/call_button_py/build/lib
creating /home/ros2/ros2_ws/src/aufzug/build/call_button_py/build/lib/call_button_py
copying call_button_py/call_button_function.py -> /home/ros2/ros2_ws/src/aufzug/build/call_button_py/build/lib/call_button_py
copying call_button_py/__init__.py -> /home/ros2/ros2_ws/src/aufzug/build/call_button_py/build/lib/call_button_py
running install
running install_lib
creating /home/ros2/ros2_ws/src/aufzug/install/call_button_py/lib/python3.12/site-packages/call_button_py
copying /home/ros2/ros2_ws/src/aufzug/build/call_button_py/build/lib/call_button_py/call_button_function.py -> /home/ros2/ros2_ws/src/aufzug/install/call_button_py/lib/python3.12/site-packages/call_button_py
copying /home/ros2/ros2_ws/src/aufzug/build/call_button_py/build/lib/call_button_py/__init__.py -> /home/ros2/ros2_ws/src/aufzug/install/call_button_py/lib/python3.12/site-packages/call_button_py
byte-compiling /home/ros2/ros2_ws/src/aufzug/install/call_button_py/lib/python3.12/site-packages/call_button_py/call_button_function.py to call_button_function.cpython-312.pyc
byte-compiling /home/ros2/ros2_ws/src/aufzug/install/call_button_py/lib/python3.12/site-packages/call_button_py/__init__.py to __init__.cpython-312.pyc
running install_data
creating /home/ros2/ros2_ws/src/aufzug/install/call_button_py/share/ament_index
creating /home/ros2/ros2_ws/src/aufzug/install/call_button_py/share/ament_index/resource_index
creating /home/ros2/ros2_ws/src/aufzug/install/call_button_py/share/ament_index/resource_index/packages
copying resource/call_button_py -> /home/ros2/ros2_ws/src/aufzug/install/call_button_py/share/ament_index/resource_index/packages
copying package.xml -> /home/ros2/ros2_ws/src/aufzug/install/call_button_py/share/call_button_py
running install_egg_info
Copying ../build/call_button_py/call_button_py.egg-info to /home/ros2/ros2_ws/src/aufzug/install/call_button_py/lib/python3.12/site-packages/call_button_py-0.0.0-py3.12.egg-info
running install_scripts
Installing talker script to /home/ros2/ros2_ws/src/aufzug/install/call_button_py/lib/call_button_py
writing list of installed files to '/home/ros2/ros2_ws/src/aufzug/build/call_button_py/install.log'
