[0.063s] DEBUG:colcon:Command line arguments: ['/usr/bin/colcon', 'build', '--packages-select', 'etagen_display']
[0.063s] DEBUG:colcon:Parsed command line arguments: Namespace(log_base=None, log_level=None, verb_name='build', build_base='build', install_base='install', merge_install=False, symlink_install=False, test_result_base=None, continue_on_error=False, executor='parallel', parallel_workers=4, event_handlers=None, ignore_user_meta=False, metas=['./colcon.meta'], base_paths=['.'], packages_ignore=None, packages_ignore_regex=None, paths=None, packages_up_to=None, packages_up_to_regex=None, packages_above=None, packages_above_and_dependencies=None, packages_above_depth=None, packages_select_by_dep=None, packages_skip_by_dep=None, packages_skip_up_to=None, packages_select_build_failed=False, packages_skip_build_finished=False, packages_select_test_failures=False, packages_skip_test_passed=False, packages_select=['etagen_display'], packages_skip=None, packages_select_regex=None, packages_skip_regex=None, packages_start=None, packages_end=None, allow_overriding=[], cmake_args=None, cmake_target=None, cmake_target_skip_unavailable=False, cmake_clean_cache=False, cmake_clean_first=False, cmake_force_configure=False, ament_cmake_args=None, catkin_cmake_args=None, catkin_skip_building_tests=False, verb_parser=<colcon_defaults.argument_parser.defaults.DefaultArgumentsDecorator object at 0x7b229935ab40>, verb_extension=<colcon_core.verb.build.BuildVerb object at 0x7b229947d130>, main=<bound method BuildVerb.main of <colcon_core.verb.build.BuildVerb object at 0x7b229947d130>>)
[0.086s] Level 1:colcon.colcon_core.package_discovery:discover_packages(colcon_meta) check parameters
[0.086s] Level 1:colcon.colcon_core.package_discovery:discover_packages(recursive) check parameters
[0.086s] Level 1:colcon.colcon_core.package_discovery:discover_packages(ignore) check parameters
[0.086s] Level 1:colcon.colcon_core.package_discovery:discover_packages(path) check parameters
[0.086s] Level 1:colcon.colcon_core.package_discovery:discover_packages(colcon_meta) discover
[0.086s] Level 1:colcon.colcon_core.package_discovery:discover_packages(recursive) discover
[0.086s] INFO:colcon.colcon_core.package_discovery:Crawling recursively for packages in '/home/ros2/intp-ros'
[0.086s] Level 1:colcon.colcon_core.package_identification:_identify(.) by extensions ['ignore', 'ignore_ament_install']
[0.086s] Level 1:colcon.colcon_core.package_identification:_identify(.) by extension 'ignore'
[0.086s] Level 1:colcon.colcon_core.package_identification:_identify(.) by extension 'ignore_ament_install'
[0.086s] Level 1:colcon.colcon_core.package_identification:_identify(.) by extensions ['colcon_pkg']
[0.086s] Level 1:colcon.colcon_core.package_identification:_identify(.) by extension 'colcon_pkg'
[0.086s] Level 1:colcon.colcon_core.package_identification:_identify(.) by extensions ['colcon_meta']
[0.086s] Level 1:colcon.colcon_core.package_identification:_identify(.) by extension 'colcon_meta'
[0.086s] Level 1:colcon.colcon_core.package_identification:_identify(.) by extensions ['ros']
[0.086s] Level 1:colcon.colcon_core.package_identification:_identify(.) by extension 'ros'
[0.104s] Level 1:colcon.colcon_core.package_identification:_identify(.) by extensions ['cmake', 'python']
[0.104s] Level 1:colcon.colcon_core.package_identification:_identify(.) by extension 'cmake'
[0.104s] Level 1:colcon.colcon_core.package_identification:_identify(.) by extension 'python'
[0.104s] Level 1:colcon.colcon_core.package_identification:_identify(.) by extensions ['python_setup_py']
[0.104s] Level 1:colcon.colcon_core.package_identification:_identify(.) by extension 'python_setup_py'
[0.105s] Level 1:colcon.colcon_core.package_identification:_identify(build) by extensions ['ignore', 'ignore_ament_install']
[0.105s] Level 1:colcon.colcon_core.package_identification:_identify(build) by extension 'ignore'
[0.105s] Level 1:colcon.colcon_core.package_identification:_identify(build) ignored
[0.105s] Level 1:colcon.colcon_core.package_identification:_identify(call_button_py) by extensions ['ignore', 'ignore_ament_install']
[0.105s] Level 1:colcon.colcon_core.package_identification:_identify(call_button_py) by extension 'ignore'
[0.105s] Level 1:colcon.colcon_core.package_identification:_identify(call_button_py) by extension 'ignore_ament_install'
[0.105s] Level 1:colcon.colcon_core.package_identification:_identify(call_button_py) by extensions ['colcon_pkg']
[0.105s] Level 1:colcon.colcon_core.package_identification:_identify(call_button_py) by extension 'colcon_pkg'
[0.105s] Level 1:colcon.colcon_core.package_identification:_identify(call_button_py) by extensions ['colcon_meta']
[0.105s] Level 1:colcon.colcon_core.package_identification:_identify(call_button_py) by extension 'colcon_meta'
[0.105s] Level 1:colcon.colcon_core.package_identification:_identify(call_button_py) by extensions ['ros']
[0.105s] Level 1:colcon.colcon_core.package_identification:_identify(call_button_py) by extension 'ros'
[0.107s] DEBUG:colcon.colcon_core.package_identification:Package 'call_button_py' with type 'ros.ament_python' and name 'call_button_py'
[0.107s] Level 1:colcon.colcon_core.package_identification:_identify(call_panel) by extensions ['ignore', 'ignore_ament_install']
[0.107s] Level 1:colcon.colcon_core.package_identification:_identify(call_panel) by extension 'ignore'
[0.107s] Level 1:colcon.colcon_core.package_identification:_identify(call_panel) by extension 'ignore_ament_install'
[0.107s] Level 1:colcon.colcon_core.package_identification:_identify(call_panel) by extensions ['colcon_pkg']
[0.107s] Level 1:colcon.colcon_core.package_identification:_identify(call_panel) by extension 'colcon_pkg'
[0.107s] Level 1:colcon.colcon_core.package_identification:_identify(call_panel) by extensions ['colcon_meta']
[0.107s] Level 1:colcon.colcon_core.package_identification:_identify(call_panel) by extension 'colcon_meta'
[0.107s] Level 1:colcon.colcon_core.package_identification:_identify(call_panel) by extensions ['ros']
[0.107s] Level 1:colcon.colcon_core.package_identification:_identify(call_panel) by extension 'ros'
[0.107s] DEBUG:colcon.colcon_core.package_identification:Package 'call_panel' with type 'ros.ament_cmake' and name 'Aufzug'
[0.107s] Level 1:colcon.colcon_core.package_identification:_identify(elevator) by extensions ['ignore', 'ignore_ament_install']
[0.107s] Level 1:colcon.colcon_core.package_identification:_identify(elevator) by extension 'ignore'
[0.108s] Level 1:colcon.colcon_core.package_identification:_identify(elevator) by extension 'ignore_ament_install'
[0.108s] Level 1:colcon.colcon_core.package_identification:_identify(elevator) by extensions ['colcon_pkg']
[0.108s] Level 1:colcon.colcon_core.package_identification:_identify(elevator) by extension 'colcon_pkg'
[0.108s] Level 1:colcon.colcon_core.package_identification:_identify(elevator) by extensions ['colcon_meta']
[0.108s] Level 1:colcon.colcon_core.package_identification:_identify(elevator) by extension 'colcon_meta'
[0.108s] Level 1:colcon.colcon_core.package_identification:_identify(elevator) by extensions ['ros']
[0.108s] Level 1:colcon.colcon_core.package_identification:_identify(elevator) by extension 'ros'
[0.108s] Level 1:colcon.colcon_core.package_identification:_identify(elevator) by extensions ['cmake', 'python']
[0.108s] Level 1:colcon.colcon_core.package_identification:_identify(elevator) by extension 'cmake'
[0.108s] Level 1:colcon.colcon_core.package_identification:_identify(elevator) by extension 'python'
[0.108s] Level 1:colcon.colcon_core.package_identification:_identify(elevator) by extensions ['python_setup_py']
[0.108s] Level 1:colcon.colcon_core.package_identification:_identify(elevator) by extension 'python_setup_py'
[0.108s] Level 1:colcon.colcon_core.package_identification:_identify(elevator/msgs) by extensions ['ignore', 'ignore_ament_install']
[0.108s] Level 1:colcon.colcon_core.package_identification:_identify(elevator/msgs) by extension 'ignore'
[0.108s] Level 1:colcon.colcon_core.package_identification:_identify(elevator/msgs) by extension 'ignore_ament_install'
[0.108s] Level 1:colcon.colcon_core.package_identification:_identify(elevator/msgs) by extensions ['colcon_pkg']
[0.108s] Level 1:colcon.colcon_core.package_identification:_identify(elevator/msgs) by extension 'colcon_pkg'
[0.108s] Level 1:colcon.colcon_core.package_identification:_identify(elevator/msgs) by extensions ['colcon_meta']
[0.108s] Level 1:colcon.colcon_core.package_identification:_identify(elevator/msgs) by extension 'colcon_meta'
[0.108s] Level 1:colcon.colcon_core.package_identification:_identify(elevator/msgs) by extensions ['ros']
[0.108s] Level 1:colcon.colcon_core.package_identification:_identify(elevator/msgs) by extension 'ros'
[0.108s] Level 1:colcon.colcon_core.package_identification:_identify(elevator/msgs) by extensions ['cmake', 'python']
[0.108s] Level 1:colcon.colcon_core.package_identification:_identify(elevator/msgs) by extension 'cmake'
[0.108s] Level 1:colcon.colcon_core.package_identification:_identify(elevator/msgs) by extension 'python'
[0.108s] Level 1:colcon.colcon_core.package_identification:_identify(elevator/msgs) by extensions ['python_setup_py']
[0.108s] Level 1:colcon.colcon_core.package_identification:_identify(elevator/msgs) by extension 'python_setup_py'
[0.108s] Level 1:colcon.colcon_core.package_identification:_identify(elevator/msgs/builtin_interfaces) by extensions ['ignore', 'ignore_ament_install']
[0.109s] Level 1:colcon.colcon_core.package_identification:_identify(elevator/msgs/builtin_interfaces) by extension 'ignore'
[0.109s] Level 1:colcon.colcon_core.package_identification:_identify(elevator/msgs/builtin_interfaces) by extension 'ignore_ament_install'
[0.109s] Level 1:colcon.colcon_core.package_identification:_identify(elevator/msgs/builtin_interfaces) by extensions ['colcon_pkg']
[0.109s] Level 1:colcon.colcon_core.package_identification:_identify(elevator/msgs/builtin_interfaces) by extension 'colcon_pkg'
[0.109s] Level 1:colcon.colcon_core.package_identification:_identify(elevator/msgs/builtin_interfaces) by extensions ['colcon_meta']
[0.109s] Level 1:colcon.colcon_core.package_identification:_identify(elevator/msgs/builtin_interfaces) by extension 'colcon_meta'
[0.109s] Level 1:colcon.colcon_core.package_identification:_identify(elevator/msgs/builtin_interfaces) by extensions ['ros']
[0.109s] Level 1:colcon.colcon_core.package_identification:_identify(elevator/msgs/builtin_interfaces) by extension 'ros'
[0.109s] Level 1:colcon.colcon_core.package_identification:_identify(elevator/msgs/builtin_interfaces) by extensions ['cmake', 'python']
[0.109s] Level 1:colcon.colcon_core.package_identification:_identify(elevator/msgs/builtin_interfaces) by extension 'cmake'
[0.109s] Level 1:colcon.colcon_core.package_identification:_identify(elevator/msgs/builtin_interfaces) by extension 'python'
[0.109s] Level 1:colcon.colcon_core.package_identification:_identify(elevator/msgs/builtin_interfaces) by extensions ['python_setup_py']
[0.109s] Level 1:colcon.colcon_core.package_identification:_identify(elevator/msgs/builtin_interfaces) by extension 'python_setup_py'
[0.109s] Level 1:colcon.colcon_core.package_identification:_identify(elevator/msgs/builtin_interfaces/msg) by extensions ['ignore', 'ignore_ament_install']
[0.109s] Level 1:colcon.colcon_core.package_identification:_identify(elevator/msgs/builtin_interfaces/msg) by extension 'ignore'
[0.109s] Level 1:colcon.colcon_core.package_identification:_identify(elevator/msgs/builtin_interfaces/msg) by extension 'ignore_ament_install'
[0.109s] Level 1:colcon.colcon_core.package_identification:_identify(elevator/msgs/builtin_interfaces/msg) by extensions ['colcon_pkg']
[0.109s] Level 1:colcon.colcon_core.package_identification:_identify(elevator/msgs/builtin_interfaces/msg) by extension 'colcon_pkg'
[0.109s] Level 1:colcon.colcon_core.package_identification:_identify(elevator/msgs/builtin_interfaces/msg) by extensions ['colcon_meta']
[0.109s] Level 1:colcon.colcon_core.package_identification:_identify(elevator/msgs/builtin_interfaces/msg) by extension 'colcon_meta'
[0.109s] Level 1:colcon.colcon_core.package_identification:_identify(elevator/msgs/builtin_interfaces/msg) by extensions ['ros']
[0.109s] Level 1:colcon.colcon_core.package_identification:_identify(elevator/msgs/builtin_interfaces/msg) by extension 'ros'
[0.109s] Level 1:colcon.colcon_core.package_identification:_identify(elevator/msgs/builtin_interfaces/msg) by extensions ['cmake', 'python']
[0.109s] Level 1:colcon.colcon_core.package_identification:_identify(elevator/msgs/builtin_interfaces/msg) by extension 'cmake'
[0.109s] Level 1:colcon.colcon_core.package_identification:_identify(elevator/msgs/builtin_interfaces/msg) by extension 'python'
[0.110s] Level 1:colcon.colcon_core.package_identification:_identify(elevator/msgs/builtin_interfaces/msg) by extensions ['python_setup_py']
[0.110s] Level 1:colcon.colcon_core.package_identification:_identify(elevator/msgs/builtin_interfaces/msg) by extension 'python_setup_py'
[0.110s] Level 1:colcon.colcon_core.package_identification:_identify(elevator/msgs/elevator_msgs) by extensions ['ignore', 'ignore_ament_install']
[0.110s] Level 1:colcon.colcon_core.package_identification:_identify(elevator/msgs/elevator_msgs) by extension 'ignore'
[0.110s] Level 1:colcon.colcon_core.package_identification:_identify(elevator/msgs/elevator_msgs) by extension 'ignore_ament_install'
[0.110s] Level 1:colcon.colcon_core.package_identification:_identify(elevator/msgs/elevator_msgs) by extensions ['colcon_pkg']
[0.110s] Level 1:colcon.colcon_core.package_identification:_identify(elevator/msgs/elevator_msgs) by extension 'colcon_pkg'
[0.110s] Level 1:colcon.colcon_core.package_identification:_identify(elevator/msgs/elevator_msgs) by extensions ['colcon_meta']
[0.110s] Level 1:colcon.colcon_core.package_identification:_identify(elevator/msgs/elevator_msgs) by extension 'colcon_meta'
[0.110s] Level 1:colcon.colcon_core.package_identification:_identify(elevator/msgs/elevator_msgs) by extensions ['ros']
[0.110s] Level 1:colcon.colcon_core.package_identification:_identify(elevator/msgs/elevator_msgs) by extension 'ros'
[0.110s] Level 1:colcon.colcon_core.package_identification:_identify(elevator/msgs/elevator_msgs) by extensions ['cmake', 'python']
[0.110s] Level 1:colcon.colcon_core.package_identification:_identify(elevator/msgs/elevator_msgs) by extension 'cmake'
[0.110s] Level 1:colcon.colcon_core.package_identification:_identify(elevator/msgs/elevator_msgs) by extension 'python'
[0.110s] Level 1:colcon.colcon_core.package_identification:_identify(elevator/msgs/elevator_msgs) by extensions ['python_setup_py']
[0.110s] Level 1:colcon.colcon_core.package_identification:_identify(elevator/msgs/elevator_msgs) by extension 'python_setup_py'
[0.110s] Level 1:colcon.colcon_core.package_identification:_identify(elevator/msgs/elevator_msgs/msg) by extensions ['ignore', 'ignore_ament_install']
[0.110s] Level 1:colcon.colcon_core.package_identification:_identify(elevator/msgs/elevator_msgs/msg) by extension 'ignore'
[0.110s] Level 1:colcon.colcon_core.package_identification:_identify(elevator/msgs/elevator_msgs/msg) by extension 'ignore_ament_install'
[0.110s] Level 1:colcon.colcon_core.package_identification:_identify(elevator/msgs/elevator_msgs/msg) by extensions ['colcon_pkg']
[0.110s] Level 1:colcon.colcon_core.package_identification:_identify(elevator/msgs/elevator_msgs/msg) by extension 'colcon_pkg'
[0.110s] Level 1:colcon.colcon_core.package_identification:_identify(elevator/msgs/elevator_msgs/msg) by extensions ['colcon_meta']
[0.110s] Level 1:colcon.colcon_core.package_identification:_identify(elevator/msgs/elevator_msgs/msg) by extension 'colcon_meta'
[0.110s] Level 1:colcon.colcon_core.package_identification:_identify(elevator/msgs/elevator_msgs/msg) by extensions ['ros']
[0.110s] Level 1:colcon.colcon_core.package_identification:_identify(elevator/msgs/elevator_msgs/msg) by extension 'ros'
[0.110s] Level 1:colcon.colcon_core.package_identification:_identify(elevator/msgs/elevator_msgs/msg) by extensions ['cmake', 'python']
[0.110s] Level 1:colcon.colcon_core.package_identification:_identify(elevator/msgs/elevator_msgs/msg) by extension 'cmake'
[0.110s] Level 1:colcon.colcon_core.package_identification:_identify(elevator/msgs/elevator_msgs/msg) by extension 'python'
[0.110s] Level 1:colcon.colcon_core.package_identification:_identify(elevator/msgs/elevator_msgs/msg) by extensions ['python_setup_py']
[0.110s] Level 1:colcon.colcon_core.package_identification:_identify(elevator/msgs/elevator_msgs/msg) by extension 'python_setup_py'
[0.110s] Level 1:colcon.colcon_core.package_identification:_identify(elevator/msgs/greeting_msgs) by extensions ['ignore', 'ignore_ament_install']
[0.110s] Level 1:colcon.colcon_core.package_identification:_identify(elevator/msgs/greeting_msgs) by extension 'ignore'
[0.110s] Level 1:colcon.colcon_core.package_identification:_identify(elevator/msgs/greeting_msgs) by extension 'ignore_ament_install'
[0.111s] Level 1:colcon.colcon_core.package_identification:_identify(elevator/msgs/greeting_msgs) by extensions ['colcon_pkg']
[0.111s] Level 1:colcon.colcon_core.package_identification:_identify(elevator/msgs/greeting_msgs) by extension 'colcon_pkg'
[0.111s] Level 1:colcon.colcon_core.package_identification:_identify(elevator/msgs/greeting_msgs) by extensions ['colcon_meta']
[0.111s] Level 1:colcon.colcon_core.package_identification:_identify(elevator/msgs/greeting_msgs) by extension 'colcon_meta'
[0.111s] Level 1:colcon.colcon_core.package_identification:_identify(elevator/msgs/greeting_msgs) by extensions ['ros']
[0.111s] Level 1:colcon.colcon_core.package_identification:_identify(elevator/msgs/greeting_msgs) by extension 'ros'
[0.111s] Level 1:colcon.colcon_core.package_identification:_identify(elevator/msgs/greeting_msgs) by extensions ['cmake', 'python']
[0.111s] Level 1:colcon.colcon_core.package_identification:_identify(elevator/msgs/greeting_msgs) by extension 'cmake'
[0.111s] Level 1:colcon.colcon_core.package_identification:_identify(elevator/msgs/greeting_msgs) by extension 'python'
[0.111s] Level 1:colcon.colcon_core.package_identification:_identify(elevator/msgs/greeting_msgs) by extensions ['python_setup_py']
[0.111s] Level 1:colcon.colcon_core.package_identification:_identify(elevator/msgs/greeting_msgs) by extension 'python_setup_py'
[0.111s] Level 1:colcon.colcon_core.package_identification:_identify(elevator/msgs/greeting_msgs/msg) by extensions ['ignore', 'ignore_ament_install']
[0.111s] Level 1:colcon.colcon_core.package_identification:_identify(elevator/msgs/greeting_msgs/msg) by extension 'ignore'
[0.111s] Level 1:colcon.colcon_core.package_identification:_identify(elevator/msgs/greeting_msgs/msg) by extension 'ignore_ament_install'
[0.111s] Level 1:colcon.colcon_core.package_identification:_identify(elevator/msgs/greeting_msgs/msg) by extensions ['colcon_pkg']
[0.111s] Level 1:colcon.colcon_core.package_identification:_identify(elevator/msgs/greeting_msgs/msg) by extension 'colcon_pkg'
[0.111s] Level 1:colcon.colcon_core.package_identification:_identify(elevator/msgs/greeting_msgs/msg) by extensions ['colcon_meta']
[0.111s] Level 1:colcon.colcon_core.package_identification:_identify(elevator/msgs/greeting_msgs/msg) by extension 'colcon_meta'
[0.111s] Level 1:colcon.colcon_core.package_identification:_identify(elevator/msgs/greeting_msgs/msg) by extensions ['ros']
[0.111s] Level 1:colcon.colcon_core.package_identification:_identify(elevator/msgs/greeting_msgs/msg) by extension 'ros'
[0.111s] Level 1:colcon.colcon_core.package_identification:_identify(elevator/msgs/greeting_msgs/msg) by extensions ['cmake', 'python']
[0.111s] Level 1:colcon.colcon_core.package_identification:_identify(elevator/msgs/greeting_msgs/msg) by extension 'cmake'
[0.111s] Level 1:colcon.colcon_core.package_identification:_identify(elevator/msgs/greeting_msgs/msg) by extension 'python'
[0.111s] Level 1:colcon.colcon_core.package_identification:_identify(elevator/msgs/greeting_msgs/msg) by extensions ['python_setup_py']
[0.111s] Level 1:colcon.colcon_core.package_identification:_identify(elevator/msgs/greeting_msgs/msg) by extension 'python_setup_py'
[0.111s] Level 1:colcon.colcon_core.package_identification:_identify(elevator/msgs/std_msgs) by extensions ['ignore', 'ignore_ament_install']
[0.111s] Level 1:colcon.colcon_core.package_identification:_identify(elevator/msgs/std_msgs) by extension 'ignore'
[0.111s] Level 1:colcon.colcon_core.package_identification:_identify(elevator/msgs/std_msgs) by extension 'ignore_ament_install'
[0.111s] Level 1:colcon.colcon_core.package_identification:_identify(elevator/msgs/std_msgs) by extensions ['colcon_pkg']
[0.111s] Level 1:colcon.colcon_core.package_identification:_identify(elevator/msgs/std_msgs) by extension 'colcon_pkg'
[0.111s] Level 1:colcon.colcon_core.package_identification:_identify(elevator/msgs/std_msgs) by extensions ['colcon_meta']
[0.111s] Level 1:colcon.colcon_core.package_identification:_identify(elevator/msgs/std_msgs) by extension 'colcon_meta'
[0.111s] Level 1:colcon.colcon_core.package_identification:_identify(elevator/msgs/std_msgs) by extensions ['ros']
[0.111s] Level 1:colcon.colcon_core.package_identification:_identify(elevator/msgs/std_msgs) by extension 'ros'
[0.111s] Level 1:colcon.colcon_core.package_identification:_identify(elevator/msgs/std_msgs) by extensions ['cmake', 'python']
[0.111s] Level 1:colcon.colcon_core.package_identification:_identify(elevator/msgs/std_msgs) by extension 'cmake'
[0.111s] Level 1:colcon.colcon_core.package_identification:_identify(elevator/msgs/std_msgs) by extension 'python'
[0.111s] Level 1:colcon.colcon_core.package_identification:_identify(elevator/msgs/std_msgs) by extensions ['python_setup_py']
[0.111s] Level 1:colcon.colcon_core.package_identification:_identify(elevator/msgs/std_msgs) by extension 'python_setup_py'
[0.111s] Level 1:colcon.colcon_core.package_identification:_identify(elevator/msgs/std_msgs/msg) by extensions ['ignore', 'ignore_ament_install']
[0.111s] Level 1:colcon.colcon_core.package_identification:_identify(elevator/msgs/std_msgs/msg) by extension 'ignore'
[0.111s] Level 1:colcon.colcon_core.package_identification:_identify(elevator/msgs/std_msgs/msg) by extension 'ignore_ament_install'
[0.111s] Level 1:colcon.colcon_core.package_identification:_identify(elevator/msgs/std_msgs/msg) by extensions ['colcon_pkg']
[0.111s] Level 1:colcon.colcon_core.package_identification:_identify(elevator/msgs/std_msgs/msg) by extension 'colcon_pkg'
[0.111s] Level 1:colcon.colcon_core.package_identification:_identify(elevator/msgs/std_msgs/msg) by extensions ['colcon_meta']
[0.111s] Level 1:colcon.colcon_core.package_identification:_identify(elevator/msgs/std_msgs/msg) by extension 'colcon_meta'
[0.111s] Level 1:colcon.colcon_core.package_identification:_identify(elevator/msgs/std_msgs/msg) by extensions ['ros']
[0.111s] Level 1:colcon.colcon_core.package_identification:_identify(elevator/msgs/std_msgs/msg) by extension 'ros'
[0.112s] Level 1:colcon.colcon_core.package_identification:_identify(elevator/msgs/std_msgs/msg) by extensions ['cmake', 'python']
[0.112s] Level 1:colcon.colcon_core.package_identification:_identify(elevator/msgs/std_msgs/msg) by extension 'cmake'
[0.112s] Level 1:colcon.colcon_core.package_identification:_identify(elevator/msgs/std_msgs/msg) by extension 'python'
[0.112s] Level 1:colcon.colcon_core.package_identification:_identify(elevator/msgs/std_msgs/msg) by extensions ['python_setup_py']
[0.112s] Level 1:colcon.colcon_core.package_identification:_identify(elevator/msgs/std_msgs/msg) by extension 'python_setup_py'
[0.112s] Level 1:colcon.colcon_core.package_identification:_identify(elevator/src) by extensions ['ignore', 'ignore_ament_install']
[0.112s] Level 1:colcon.colcon_core.package_identification:_identify(elevator/src) by extension 'ignore'
[0.112s] Level 1:colcon.colcon_core.package_identification:_identify(elevator/src) by extension 'ignore_ament_install'
[0.112s] Level 1:colcon.colcon_core.package_identification:_identify(elevator/src) by extensions ['colcon_pkg']
[0.112s] Level 1:colcon.colcon_core.package_identification:_identify(elevator/src) by extension 'colcon_pkg'
[0.112s] Level 1:colcon.colcon_core.package_identification:_identify(elevator/src) by extensions ['colcon_meta']
[0.112s] Level 1:colcon.colcon_core.package_identification:_identify(elevator/src) by extension 'colcon_meta'
[0.112s] Level 1:colcon.colcon_core.package_identification:_identify(elevator/src) by extensions ['ros']
[0.112s] Level 1:colcon.colcon_core.package_identification:_identify(elevator/src) by extension 'ros'
[0.112s] Level 1:colcon.colcon_core.package_identification:_identify(elevator/src) by extensions ['cmake', 'python']
[0.112s] Level 1:colcon.colcon_core.package_identification:_identify(elevator/src) by extension 'cmake'
[0.112s] Level 1:colcon.colcon_core.package_identification:_identify(elevator/src) by extension 'python'
[0.112s] Level 1:colcon.colcon_core.package_identification:_identify(elevator/src) by extensions ['python_setup_py']
[0.112s] Level 1:colcon.colcon_core.package_identification:_identify(elevator/src) by extension 'python_setup_py'
[0.112s] Level 1:colcon.colcon_core.package_identification:_identify(elevator/src/msgs) by extensions ['ignore', 'ignore_ament_install']
[0.112s] Level 1:colcon.colcon_core.package_identification:_identify(elevator/src/msgs) by extension 'ignore'
[0.112s] Level 1:colcon.colcon_core.package_identification:_identify(elevator/src/msgs) by extension 'ignore_ament_install'
[0.112s] Level 1:colcon.colcon_core.package_identification:_identify(elevator/src/msgs) by extensions ['colcon_pkg']
[0.112s] Level 1:colcon.colcon_core.package_identification:_identify(elevator/src/msgs) by extension 'colcon_pkg'
[0.112s] Level 1:colcon.colcon_core.package_identification:_identify(elevator/src/msgs) by extensions ['colcon_meta']
[0.112s] Level 1:colcon.colcon_core.package_identification:_identify(elevator/src/msgs) by extension 'colcon_meta'
[0.112s] Level 1:colcon.colcon_core.package_identification:_identify(elevator/src/msgs) by extensions ['ros']
[0.112s] Level 1:colcon.colcon_core.package_identification:_identify(elevator/src/msgs) by extension 'ros'
[0.112s] Level 1:colcon.colcon_core.package_identification:_identify(elevator/src/msgs) by extensions ['cmake', 'python']
[0.112s] Level 1:colcon.colcon_core.package_identification:_identify(elevator/src/msgs) by extension 'cmake'
[0.112s] Level 1:colcon.colcon_core.package_identification:_identify(elevator/src/msgs) by extension 'python'
[0.112s] Level 1:colcon.colcon_core.package_identification:_identify(elevator/src/msgs) by extensions ['python_setup_py']
[0.112s] Level 1:colcon.colcon_core.package_identification:_identify(elevator/src/msgs) by extension 'python_setup_py'
[0.112s] Level 1:colcon.colcon_core.package_identification:_identify(elevator_msgs) by extensions ['ignore', 'ignore_ament_install']
[0.112s] Level 1:colcon.colcon_core.package_identification:_identify(elevator_msgs) by extension 'ignore'
[0.112s] Level 1:colcon.colcon_core.package_identification:_identify(elevator_msgs) by extension 'ignore_ament_install'
[0.112s] Level 1:colcon.colcon_core.package_identification:_identify(elevator_msgs) by extensions ['colcon_pkg']
[0.112s] Level 1:colcon.colcon_core.package_identification:_identify(elevator_msgs) by extension 'colcon_pkg'
[0.112s] Level 1:colcon.colcon_core.package_identification:_identify(elevator_msgs) by extensions ['colcon_meta']
[0.113s] Level 1:colcon.colcon_core.package_identification:_identify(elevator_msgs) by extension 'colcon_meta'
[0.113s] Level 1:colcon.colcon_core.package_identification:_identify(elevator_msgs) by extensions ['ros']
[0.113s] Level 1:colcon.colcon_core.package_identification:_identify(elevator_msgs) by extension 'ros'
[0.113s] DEBUG:colcon.colcon_core.package_identification:Package 'elevator_msgs' with type 'ros.ament_cmake' and name 'elevator_msgs'
[0.113s] Level 1:colcon.colcon_core.package_identification:_identify(elevator_node) by extensions ['ignore', 'ignore_ament_install']
[0.113s] Level 1:colcon.colcon_core.package_identification:_identify(elevator_node) by extension 'ignore'
[0.113s] Level 1:colcon.colcon_core.package_identification:_identify(elevator_node) by extension 'ignore_ament_install'
[0.113s] Level 1:colcon.colcon_core.package_identification:_identify(elevator_node) by extensions ['colcon_pkg']
[0.113s] Level 1:colcon.colcon_core.package_identification:_identify(elevator_node) by extension 'colcon_pkg'
[0.113s] Level 1:colcon.colcon_core.package_identification:_identify(elevator_node) by extensions ['colcon_meta']
[0.113s] Level 1:colcon.colcon_core.package_identification:_identify(elevator_node) by extension 'colcon_meta'
[0.113s] Level 1:colcon.colcon_core.package_identification:_identify(elevator_node) by extensions ['ros']
[0.113s] Level 1:colcon.colcon_core.package_identification:_identify(elevator_node) by extension 'ros'
[0.113s] Level 1:colcon.colcon_core.package_identification:_identify(elevator_node) by extensions ['cmake', 'python']
[0.113s] Level 1:colcon.colcon_core.package_identification:_identify(elevator_node) by extension 'cmake'
[0.113s] Level 1:colcon.colcon_core.package_identification:_identify(elevator_node) by extension 'python'
[0.113s] Level 1:colcon.colcon_core.package_identification:_identify(elevator_node) by extensions ['python_setup_py']
[0.113s] Level 1:colcon.colcon_core.package_identification:_identify(elevator_node) by extension 'python_setup_py'
[0.114s] Level 1:colcon.colcon_core.package_identification:_identify(elevator_node/src) by extensions ['ignore', 'ignore_ament_install']
[0.114s] Level 1:colcon.colcon_core.package_identification:_identify(elevator_node/src) by extension 'ignore'
[0.114s] Level 1:colcon.colcon_core.package_identification:_identify(elevator_node/src) by extension 'ignore_ament_install'
[0.114s] Level 1:colcon.colcon_core.package_identification:_identify(elevator_node/src) by extensions ['colcon_pkg']
[0.114s] Level 1:colcon.colcon_core.package_identification:_identify(elevator_node/src) by extension 'colcon_pkg'
[0.114s] Level 1:colcon.colcon_core.package_identification:_identify(elevator_node/src) by extensions ['colcon_meta']
[0.114s] Level 1:colcon.colcon_core.package_identification:_identify(elevator_node/src) by extension 'colcon_meta'
[0.114s] Level 1:colcon.colcon_core.package_identification:_identify(elevator_node/src) by extensions ['ros']
[0.114s] Level 1:colcon.colcon_core.package_identification:_identify(elevator_node/src) by extension 'ros'
[0.114s] Level 1:colcon.colcon_core.package_identification:_identify(elevator_node/src) by extensions ['cmake', 'python']
[0.114s] Level 1:colcon.colcon_core.package_identification:_identify(elevator_node/src) by extension 'cmake'
[0.115s] Level 1:colcon.colcon_core.package_identification:_identify(elevator_node/src) by extension 'python'
[0.115s] Level 1:colcon.colcon_core.package_identification:_identify(elevator_node/src) by extensions ['python_setup_py']
[0.115s] Level 1:colcon.colcon_core.package_identification:_identify(elevator_node/src) by extension 'python_setup_py'
[0.115s] Level 1:colcon.colcon_core.package_identification:_identify(etagen_disp) by extensions ['ignore', 'ignore_ament_install']
[0.115s] Level 1:colcon.colcon_core.package_identification:_identify(etagen_disp) by extension 'ignore'
[0.115s] Level 1:colcon.colcon_core.package_identification:_identify(etagen_disp) by extension 'ignore_ament_install'
[0.115s] Level 1:colcon.colcon_core.package_identification:_identify(etagen_disp) by extensions ['colcon_pkg']
[0.115s] Level 1:colcon.colcon_core.package_identification:_identify(etagen_disp) by extension 'colcon_pkg'
[0.115s] Level 1:colcon.colcon_core.package_identification:_identify(etagen_disp) by extensions ['colcon_meta']
[0.115s] Level 1:colcon.colcon_core.package_identification:_identify(etagen_disp) by extension 'colcon_meta'
[0.115s] Level 1:colcon.colcon_core.package_identification:_identify(etagen_disp) by extensions ['ros']
[0.115s] Level 1:colcon.colcon_core.package_identification:_identify(etagen_disp) by extension 'ros'
[0.115s] Level 1:colcon.colcon_core.package_identification:_identify(etagen_disp) by extensions ['cmake', 'python']
[0.115s] Level 1:colcon.colcon_core.package_identification:_identify(etagen_disp) by extension 'cmake'
[0.115s] Level 1:colcon.colcon_core.package_identification:_identify(etagen_disp) by extension 'python'
[0.115s] Level 1:colcon.colcon_core.package_identification:_identify(etagen_disp) by extensions ['python_setup_py']
[0.115s] Level 1:colcon.colcon_core.package_identification:_identify(etagen_disp) by extension 'python_setup_py'
[0.115s] Level 1:colcon.colcon_core.package_identification:_identify(etagen_disp/etagen_display) by extensions ['ignore', 'ignore_ament_install']
[0.115s] Level 1:colcon.colcon_core.package_identification:_identify(etagen_disp/etagen_display) by extension 'ignore'
[0.115s] Level 1:colcon.colcon_core.package_identification:_identify(etagen_disp/etagen_display) by extension 'ignore_ament_install'
[0.115s] Level 1:colcon.colcon_core.package_identification:_identify(etagen_disp/etagen_display) by extensions ['colcon_pkg']
[0.115s] Level 1:colcon.colcon_core.package_identification:_identify(etagen_disp/etagen_display) by extension 'colcon_pkg'
[0.115s] Level 1:colcon.colcon_core.package_identification:_identify(etagen_disp/etagen_display) by extensions ['colcon_meta']
[0.115s] Level 1:colcon.colcon_core.package_identification:_identify(etagen_disp/etagen_display) by extension 'colcon_meta'
[0.115s] Level 1:colcon.colcon_core.package_identification:_identify(etagen_disp/etagen_display) by extensions ['ros']
[0.115s] Level 1:colcon.colcon_core.package_identification:_identify(etagen_disp/etagen_display) by extension 'ros'
[0.116s] DEBUG:colcon.colcon_core.package_identification:Package 'etagen_disp/etagen_display' with type 'ros.ament_cmake' and name 'etagen_display'
[0.116s] Level 1:colcon.colcon_core.package_identification:_identify(etagen_disp/src) by extensions ['ignore', 'ignore_ament_install']
[0.117s] Level 1:colcon.colcon_core.package_identification:_identify(etagen_disp/src) by extension 'ignore'
[0.117s] Level 1:colcon.colcon_core.package_identification:_identify(etagen_disp/src) by extension 'ignore_ament_install'
[0.117s] Level 1:colcon.colcon_core.package_identification:_identify(etagen_disp/src) by extensions ['colcon_pkg']
[0.117s] Level 1:colcon.colcon_core.package_identification:_identify(etagen_disp/src) by extension 'colcon_pkg'
[0.117s] Level 1:colcon.colcon_core.package_identification:_identify(etagen_disp/src) by extensions ['colcon_meta']
[0.117s] Level 1:colcon.colcon_core.package_identification:_identify(etagen_disp/src) by extension 'colcon_meta'
[0.117s] Level 1:colcon.colcon_core.package_identification:_identify(etagen_disp/src) by extensions ['ros']
[0.117s] Level 1:colcon.colcon_core.package_identification:_identify(etagen_disp/src) by extension 'ros'
[0.117s] Level 1:colcon.colcon_core.package_identification:_identify(etagen_disp/src) by extensions ['cmake', 'python']
[0.117s] Level 1:colcon.colcon_core.package_identification:_identify(etagen_disp/src) by extension 'cmake'
[0.117s] Level 1:colcon.colcon_core.package_identification:_identify(etagen_disp/src) by extension 'python'
[0.117s] Level 1:colcon.colcon_core.package_identification:_identify(etagen_disp/src) by extensions ['python_setup_py']
[0.117s] Level 1:colcon.colcon_core.package_identification:_identify(etagen_disp/src) by extension 'python_setup_py'
[0.117s] Level 1:colcon.colcon_core.package_identification:_identify(greeting_msgs) by extensions ['ignore', 'ignore_ament_install']
[0.117s] Level 1:colcon.colcon_core.package_identification:_identify(greeting_msgs) by extension 'ignore'
[0.117s] Level 1:colcon.colcon_core.package_identification:_identify(greeting_msgs) by extension 'ignore_ament_install'
[0.117s] Level 1:colcon.colcon_core.package_identification:_identify(greeting_msgs) by extensions ['colcon_pkg']
[0.117s] Level 1:colcon.colcon_core.package_identification:_identify(greeting_msgs) by extension 'colcon_pkg'
[0.117s] Level 1:colcon.colcon_core.package_identification:_identify(greeting_msgs) by extensions ['colcon_meta']
[0.117s] Level 1:colcon.colcon_core.package_identification:_identify(greeting_msgs) by extension 'colcon_meta'
[0.117s] Level 1:colcon.colcon_core.package_identification:_identify(greeting_msgs) by extensions ['ros']
[0.117s] Level 1:colcon.colcon_core.package_identification:_identify(greeting_msgs) by extension 'ros'
[0.117s] DEBUG:colcon.colcon_core.package_identification:Package 'greeting_msgs' with type 'ros.ament_cmake' and name 'greeting_msgs'
[0.117s] Level 1:colcon.colcon_core.package_identification:_identify(install) by extensions ['ignore', 'ignore_ament_install']
[0.117s] Level 1:colcon.colcon_core.package_identification:_identify(install) by extension 'ignore'
[0.117s] Level 1:colcon.colcon_core.package_identification:_identify(install) ignored
[0.117s] Level 1:colcon.colcon_core.package_identification:_identify(log) by extensions ['ignore', 'ignore_ament_install']
[0.118s] Level 1:colcon.colcon_core.package_identification:_identify(log) by extension 'ignore'
[0.118s] Level 1:colcon.colcon_core.package_identification:_identify(log) ignored
[0.118s] Level 1:colcon.colcon_core.package_discovery:discover_packages(recursive) using defaults
[0.118s] Level 1:colcon.colcon_core.package_discovery:discover_packages(ignore) discover
[0.118s] Level 1:colcon.colcon_core.package_discovery:discover_packages(ignore) using defaults
[0.118s] Level 1:colcon.colcon_core.package_discovery:discover_packages(path) discover
[0.118s] Level 1:colcon.colcon_core.package_discovery:discover_packages(path) using defaults
[0.131s] INFO:colcon.colcon_core.package_selection:Skipping not selected package 'Aufzug' in 'call_panel'
[0.132s] INFO:colcon.colcon_core.package_selection:Skipping not selected package 'call_button_py' in 'call_button_py'
[0.132s] INFO:colcon.colcon_core.package_selection:Skipping not selected package 'elevator_msgs' in 'elevator_msgs'
[0.132s] INFO:colcon.colcon_core.package_selection:Skipping not selected package 'greeting_msgs' in 'greeting_msgs'
[0.132s] Level 1:colcon.colcon_core.package_discovery:discover_packages(prefix_path) check parameters
[0.132s] Level 1:colcon.colcon_core.package_discovery:discover_packages(prefix_path) discover
[0.134s] DEBUG:colcon.colcon_installed_package_information.package_discovery:Found 1 installed packages in /home/ros2/intp-ros/install
[0.135s] DEBUG:colcon.colcon_installed_package_information.package_discovery:Found 285 installed packages in /opt/ros/jazzy
[0.135s] Level 1:colcon.colcon_core.package_discovery:discover_packages(prefix_path) using defaults
[0.159s] Level 5:colcon.colcon_core.verb:set package 'etagen_display' build argument 'cmake_args' from command line to 'None'
[0.159s] Level 5:colcon.colcon_core.verb:set package 'etagen_display' build argument 'cmake_target' from command line to 'None'
[0.159s] Level 5:colcon.colcon_core.verb:set package 'etagen_display' build argument 'cmake_target_skip_unavailable' from command line to 'False'
[0.159s] Level 5:colcon.colcon_core.verb:set package 'etagen_display' build argument 'cmake_clean_cache' from command line to 'False'
[0.159s] Level 5:colcon.colcon_core.verb:set package 'etagen_display' build argument 'cmake_clean_first' from command line to 'False'
[0.159s] Level 5:colcon.colcon_core.verb:set package 'etagen_display' build argument 'cmake_force_configure' from command line to 'False'
[0.159s] Level 5:colcon.colcon_core.verb:set package 'etagen_display' build argument 'ament_cmake_args' from command line to 'None'
[0.159s] Level 5:colcon.colcon_core.verb:set package 'etagen_display' build argument 'catkin_cmake_args' from command line to 'None'
[0.159s] Level 5:colcon.colcon_core.verb:set package 'etagen_display' build argument 'catkin_skip_building_tests' from command line to 'False'
[0.159s] DEBUG:colcon.colcon_core.verb:Building package 'etagen_display' with the following arguments: {'ament_cmake_args': None, 'build_base': '/home/ros2/intp-ros/build/etagen_display', 'catkin_cmake_args': None, 'catkin_skip_building_tests': False, 'cmake_args': None, 'cmake_clean_cache': False, 'cmake_clean_first': False, 'cmake_force_configure': False, 'cmake_target': None, 'cmake_target_skip_unavailable': False, 'install_base': '/home/ros2/intp-ros/install/etagen_display', 'merge_install': False, 'path': '/home/ros2/intp-ros/etagen_disp/etagen_display', 'symlink_install': False, 'test_result_base': None}
[0.159s] INFO:colcon.colcon_core.executor:Executing jobs using 'parallel' executor
[0.160s] DEBUG:colcon.colcon_parallel_executor.executor.parallel:run_until_complete
[0.161s] INFO:colcon.colcon_ros.task.ament_cmake.build:Building ROS package in '/home/ros2/intp-ros/etagen_disp/etagen_display' with build type 'ament_cmake'
[0.161s] INFO:colcon.colcon_cmake.task.cmake.build:Building CMake package in '/home/ros2/intp-ros/etagen_disp/etagen_display'
[0.163s] INFO:colcon.colcon_core.plugin_system:Skipping extension 'colcon_core.shell.bat': Not used on non-Windows systems
[0.163s] INFO:colcon.colcon_core.shell:Skip shell extension 'powershell' for command environment: Not usable outside of PowerShell
[0.163s] DEBUG:colcon.colcon_core.shell:Skip shell extension 'dsv' for command environment
[0.210s] DEBUG:colcon.colcon_core.event_handler.log_command:Invoking command in '/home/ros2/intp-ros/build/etagen_display': CMAKE_PREFIX_PATH=${CMAKE_PREFIX_PATH}:/home/ros2/intp-ros/install/call_button_py:/opt/ros/jazzy DEBUGINFOD_URLS=https://debuginfod.ubuntu.com /usr/bin/cmake /home/ros2/intp-ros/etagen_disp/etagen_display -DCMAKE_INSTALL_PREFIX=/home/ros2/intp-ros/install/etagen_display
[2.337s] DEBUG:colcon.colcon_core.event_handler.log_command:Invoked command in '/home/ros2/intp-ros/build/etagen_display' returned '0': CMAKE_PREFIX_PATH=${CMAKE_PREFIX_PATH}:/home/ros2/intp-ros/install/call_button_py:/opt/ros/jazzy DEBUGINFOD_URLS=https://debuginfod.ubuntu.com /usr/bin/cmake /home/ros2/intp-ros/etagen_disp/etagen_display -DCMAKE_INSTALL_PREFIX=/home/ros2/intp-ros/install/etagen_display
[2.337s] DEBUG:colcon.colcon_core.event_handler.log_command:Invoking command in '/home/ros2/intp-ros/build/etagen_display': CMAKE_PREFIX_PATH=${CMAKE_PREFIX_PATH}:/home/ros2/intp-ros/install/call_button_py:/opt/ros/jazzy DEBUGINFOD_URLS=https://debuginfod.ubuntu.com /usr/bin/cmake --build /home/ros2/intp-ros/build/etagen_display -- -j4 -l4
[13.403s] DEBUG:colcon.colcon_core.event_handler.log_command:Invoked command in '/home/ros2/intp-ros/build/etagen_display' returned '0': CMAKE_PREFIX_PATH=${CMAKE_PREFIX_PATH}:/home/ros2/intp-ros/install/call_button_py:/opt/ros/jazzy DEBUGINFOD_URLS=https://debuginfod.ubuntu.com /usr/bin/cmake --build /home/ros2/intp-ros/build/etagen_display -- -j4 -l4
[13.450s] DEBUG:colcon.colcon_core.event_handler.log_command:Invoking command in '/home/ros2/intp-ros/build/etagen_display': CMAKE_PREFIX_PATH=${CMAKE_PREFIX_PATH}:/home/ros2/intp-ros/install/call_button_py:/opt/ros/jazzy DEBUGINFOD_URLS=https://debuginfod.ubuntu.com /usr/bin/cmake --install /home/ros2/intp-ros/build/etagen_display
[13.471s] Level 1:colcon.colcon_core.environment:create_environment_scripts_only(etagen_display)
[13.471s] DEBUG:colcon.colcon_core.event_handler.log_command:Invoked command in '/home/ros2/intp-ros/build/etagen_display' returned '0': CMAKE_PREFIX_PATH=${CMAKE_PREFIX_PATH}:/home/ros2/intp-ros/install/call_button_py:/opt/ros/jazzy DEBUGINFOD_URLS=https://debuginfod.ubuntu.com /usr/bin/cmake --install /home/ros2/intp-ros/build/etagen_display
[13.491s] Level 1:colcon.colcon_core.environment:checking '/home/ros2/intp-ros/install/etagen_display' for CMake module files
[13.492s] Level 1:colcon.colcon_core.environment:checking '/home/ros2/intp-ros/install/etagen_display' for CMake config files
[13.492s] Level 1:colcon.colcon_core.shell:create_environment_hook('etagen_display', 'cmake_prefix_path')
[13.492s] INFO:colcon.colcon_core.shell:Creating environment hook '/home/ros2/intp-ros/install/etagen_display/share/etagen_display/hook/cmake_prefix_path.ps1'
[13.493s] INFO:colcon.colcon_core.shell:Creating environment descriptor '/home/ros2/intp-ros/install/etagen_display/share/etagen_display/hook/cmake_prefix_path.dsv'
[13.494s] INFO:colcon.colcon_core.shell:Creating environment hook '/home/ros2/intp-ros/install/etagen_display/share/etagen_display/hook/cmake_prefix_path.sh'
[13.496s] Level 1:colcon.colcon_core.environment:checking '/home/ros2/intp-ros/install/etagen_display/lib'
[13.496s] Level 1:colcon.colcon_core.environment:checking '/home/ros2/intp-ros/install/etagen_display/bin'
[13.496s] Level 1:colcon.colcon_core.environment:checking '/home/ros2/intp-ros/install/etagen_display/lib/pkgconfig/etagen_display.pc'
[13.496s] Level 1:colcon.colcon_core.environment:checking '/home/ros2/intp-ros/install/etagen_display/lib/python3.12/site-packages'
[13.497s] Level 1:colcon.colcon_core.environment:checking '/home/ros2/intp-ros/install/etagen_display/bin'
[13.497s] INFO:colcon.colcon_core.shell:Creating package script '/home/ros2/intp-ros/install/etagen_display/share/etagen_display/package.ps1'
[13.498s] INFO:colcon.colcon_core.shell:Creating package descriptor '/home/ros2/intp-ros/install/etagen_display/share/etagen_display/package.dsv'
[13.499s] INFO:colcon.colcon_core.shell:Creating package script '/home/ros2/intp-ros/install/etagen_display/share/etagen_display/package.sh'
[13.500s] INFO:colcon.colcon_core.shell:Creating package script '/home/ros2/intp-ros/install/etagen_display/share/etagen_display/package.bash'
[13.502s] INFO:colcon.colcon_core.shell:Creating package script '/home/ros2/intp-ros/install/etagen_display/share/etagen_display/package.zsh'
[13.503s] Level 1:colcon.colcon_core.environment:create_file_with_runtime_dependencies(/home/ros2/intp-ros/install/etagen_display/share/colcon-core/packages/etagen_display)
[13.542s] Level 1:colcon.colcon_core.environment:create_environment_scripts_only(etagen_display)
[13.542s] Level 1:colcon.colcon_core.environment:checking '/home/ros2/intp-ros/install/etagen_display' for CMake module files
[13.543s] Level 1:colcon.colcon_core.environment:checking '/home/ros2/intp-ros/install/etagen_display' for CMake config files
[13.543s] Level 1:colcon.colcon_core.shell:create_environment_hook('etagen_display', 'cmake_prefix_path')
[13.543s] INFO:colcon.colcon_core.shell:Creating environment hook '/home/ros2/intp-ros/install/etagen_display/share/etagen_display/hook/cmake_prefix_path.ps1'
[13.543s] INFO:colcon.colcon_core.shell:Creating environment descriptor '/home/ros2/intp-ros/install/etagen_display/share/etagen_display/hook/cmake_prefix_path.dsv'
[13.544s] INFO:colcon.colcon_core.shell:Creating environment hook '/home/ros2/intp-ros/install/etagen_display/share/etagen_display/hook/cmake_prefix_path.sh'
[13.544s] Level 1:colcon.colcon_core.environment:checking '/home/ros2/intp-ros/install/etagen_display/lib'
[13.545s] Level 1:colcon.colcon_core.environment:checking '/home/ros2/intp-ros/install/etagen_display/bin'
[13.545s] Level 1:colcon.colcon_core.environment:checking '/home/ros2/intp-ros/install/etagen_display/lib/pkgconfig/etagen_display.pc'
[13.545s] Level 1:colcon.colcon_core.environment:checking '/home/ros2/intp-ros/install/etagen_display/lib/python3.12/site-packages'
[13.545s] Level 1:colcon.colcon_core.environment:checking '/home/ros2/intp-ros/install/etagen_display/bin'
[13.545s] INFO:colcon.colcon_core.shell:Creating package script '/home/ros2/intp-ros/install/etagen_display/share/etagen_display/package.ps1'
[13.545s] INFO:colcon.colcon_core.shell:Creating package descriptor '/home/ros2/intp-ros/install/etagen_display/share/etagen_display/package.dsv'
[13.546s] INFO:colcon.colcon_core.shell:Creating package script '/home/ros2/intp-ros/install/etagen_display/share/etagen_display/package.sh'
[13.546s] INFO:colcon.colcon_core.shell:Creating package script '/home/ros2/intp-ros/install/etagen_display/share/etagen_display/package.bash'
[13.547s] INFO:colcon.colcon_core.shell:Creating package script '/home/ros2/intp-ros/install/etagen_display/share/etagen_display/package.zsh'
[13.547s] Level 1:colcon.colcon_core.environment:create_file_with_runtime_dependencies(/home/ros2/intp-ros/install/etagen_display/share/colcon-core/packages/etagen_display)
[13.548s] DEBUG:colcon.colcon_parallel_executor.executor.parallel:closing loop
[13.548s] DEBUG:colcon.colcon_parallel_executor.executor.parallel:loop closed
[13.548s] DEBUG:colcon.colcon_parallel_executor.executor.parallel:run_until_complete finished with '0'
[13.548s] DEBUG:colcon.colcon_core.event_reactor:joining thread
[13.553s] INFO:colcon.colcon_core.plugin_system:Skipping extension 'colcon_notification.desktop_notification.terminal_notifier': Not used on non-Darwin systems
[13.553s] INFO:colcon.colcon_core.plugin_system:Skipping extension 'colcon_notification.desktop_notification.win32': Not used on non-Windows systems
[13.553s] INFO:colcon.colcon_notification.desktop_notification:Sending desktop notification using 'notify2'
[13.580s] DEBUG:colcon.colcon_core.event_reactor:joined thread
[13.580s] INFO:colcon.colcon_core.shell:Creating prefix script '/home/ros2/intp-ros/install/local_setup.ps1'
[13.581s] INFO:colcon.colcon_core.shell:Creating prefix util module '/home/ros2/intp-ros/install/_local_setup_util_ps1.py'
[13.582s] INFO:colcon.colcon_core.shell:Creating prefix chain script '/home/ros2/intp-ros/install/setup.ps1'
[13.583s] INFO:colcon.colcon_core.shell:Creating prefix script '/home/ros2/intp-ros/install/local_setup.sh'
[13.583s] INFO:colcon.colcon_core.shell:Creating prefix util module '/home/ros2/intp-ros/install/_local_setup_util_sh.py'
[13.584s] INFO:colcon.colcon_core.shell:Creating prefix chain script '/home/ros2/intp-ros/install/setup.sh'
[13.584s] INFO:colcon.colcon_core.shell:Creating prefix script '/home/ros2/intp-ros/install/local_setup.bash'
[13.585s] INFO:colcon.colcon_core.shell:Creating prefix chain script '/home/ros2/intp-ros/install/setup.bash'
[13.586s] INFO:colcon.colcon_core.shell:Creating prefix script '/home/ros2/intp-ros/install/local_setup.zsh'
[13.586s] INFO:colcon.colcon_core.shell:Creating prefix chain script '/home/ros2/intp-ros/install/setup.zsh'
