[0.123s] DEBUG:colcon:Command line arguments: ['/usr/bin/colcon', 'build', '--packages-select', 'aufzug']
[0.123s] DEBUG:colcon:Parsed command line arguments: Namespace(log_base=None, log_level=None, verb_name='build', build_base='build', install_base='install', merge_install=False, symlink_install=False, test_result_base=None, continue_on_error=False, executor='parallel', parallel_workers=3, event_handlers=None, ignore_user_meta=False, metas=['./colcon.meta'], base_paths=['.'], packages_ignore=None, packages_ignore_regex=None, paths=None, packages_up_to=None, packages_up_to_regex=None, packages_above=None, packages_above_and_dependencies=None, packages_above_depth=None, packages_select_by_dep=None, packages_skip_by_dep=None, packages_skip_up_to=None, packages_select_build_failed=False, packages_skip_build_finished=False, packages_select_test_failures=False, packages_skip_test_passed=False, packages_select=['aufzug'], packages_skip=None, packages_select_regex=None, packages_skip_regex=None, packages_start=None, packages_end=None, allow_overriding=[], cmake_args=None, cmake_target=None, cmake_target_skip_unavailable=False, cmake_clean_cache=False, cmake_clean_first=False, cmake_force_configure=False, ament_cmake_args=None, catkin_cmake_args=None, catkin_skip_building_tests=False, verb_parser=<colcon_defaults.argument_parser.defaults.DefaultArgumentsDecorator object at 0x7004d7f5b020>, verb_extension=<colcon_core.verb.build.BuildVerb object at 0x7004d808a4b0>, main=<bound method BuildVerb.main of <colcon_core.verb.build.BuildVerb object at 0x7004d808a4b0>>)
[0.171s] Level 1:colcon.colcon_core.package_discovery:discover_packages(colcon_meta) check parameters
[0.171s] Level 1:colcon.colcon_core.package_discovery:discover_packages(recursive) check parameters
[0.171s] Level 1:colcon.colcon_core.package_discovery:discover_packages(ignore) check parameters
[0.171s] Level 1:colcon.colcon_core.package_discovery:discover_packages(path) check parameters
[0.171s] Level 1:colcon.colcon_core.package_discovery:discover_packages(colcon_meta) discover
[0.172s] Level 1:colcon.colcon_core.package_discovery:discover_packages(recursive) discover
[0.172s] INFO:colcon.colcon_core.package_discovery:Crawling recursively for packages in '/home/ros2/ros2_ws/src/aufzug'
[0.172s] Level 1:colcon.colcon_core.package_identification:_identify(.) by extensions ['ignore', 'ignore_ament_install']
[0.172s] Level 1:colcon.colcon_core.package_identification:_identify(.) by extension 'ignore'
[0.172s] Level 1:colcon.colcon_core.package_identification:_identify(.) by extension 'ignore_ament_install'
[0.172s] Level 1:colcon.colcon_core.package_identification:_identify(.) by extensions ['colcon_pkg']
[0.173s] Level 1:colcon.colcon_core.package_identification:_identify(.) by extension 'colcon_pkg'
[0.173s] Level 1:colcon.colcon_core.package_identification:_identify(.) by extensions ['colcon_meta']
[0.173s] Level 1:colcon.colcon_core.package_identification:_identify(.) by extension 'colcon_meta'
[0.173s] Level 1:colcon.colcon_core.package_identification:_identify(.) by extensions ['ros']
[0.173s] Level 1:colcon.colcon_core.package_identification:_identify(.) by extension 'ros'
[0.201s] Level 1:colcon.colcon_core.package_identification:_identify(.) by extensions ['cmake', 'python']
[0.201s] Level 1:colcon.colcon_core.package_identification:_identify(.) by extension 'cmake'
[0.201s] Level 1:colcon.colcon_core.package_identification:_identify(.) by extension 'python'
[0.201s] Level 1:colcon.colcon_core.package_identification:_identify(.) by extensions ['python_setup_py']
[0.202s] Level 1:colcon.colcon_core.package_identification:_identify(.) by extension 'python_setup_py'
[0.202s] Level 1:colcon.colcon_core.package_identification:_identify(build) by extensions ['ignore', 'ignore_ament_install']
[0.202s] Level 1:colcon.colcon_core.package_identification:_identify(build) by extension 'ignore'
[0.202s] Level 1:colcon.colcon_core.package_identification:_identify(build) ignored
[0.202s] Level 1:colcon.colcon_core.package_identification:_identify(call_button_py) by extensions ['ignore', 'ignore_ament_install']
[0.203s] Level 1:colcon.colcon_core.package_identification:_identify(call_button_py) by extension 'ignore'
[0.203s] Level 1:colcon.colcon_core.package_identification:_identify(call_button_py) by extension 'ignore_ament_install'
[0.203s] Level 1:colcon.colcon_core.package_identification:_identify(call_button_py) by extensions ['colcon_pkg']
[0.203s] Level 1:colcon.colcon_core.package_identification:_identify(call_button_py) by extension 'colcon_pkg'
[0.203s] Level 1:colcon.colcon_core.package_identification:_identify(call_button_py) by extensions ['colcon_meta']
[0.203s] Level 1:colcon.colcon_core.package_identification:_identify(call_button_py) by extension 'colcon_meta'
[0.203s] Level 1:colcon.colcon_core.package_identification:_identify(call_button_py) by extensions ['ros']
[0.203s] Level 1:colcon.colcon_core.package_identification:_identify(call_button_py) by extension 'ros'
[0.206s] DEBUG:colcon.colcon_core.package_identification:Package 'call_button_py' with type 'ros.ament_python' and name 'call_button_py'
[0.206s] Level 1:colcon.colcon_core.package_identification:_identify(call_panel) by extensions ['ignore', 'ignore_ament_install']
[0.206s] Level 1:colcon.colcon_core.package_identification:_identify(call_panel) by extension 'ignore'
[0.206s] Level 1:colcon.colcon_core.package_identification:_identify(call_panel) by extension 'ignore_ament_install'
[0.207s] Level 1:colcon.colcon_core.package_identification:_identify(call_panel) by extensions ['colcon_pkg']
[0.207s] Level 1:colcon.colcon_core.package_identification:_identify(call_panel) by extension 'colcon_pkg'
[0.207s] Level 1:colcon.colcon_core.package_identification:_identify(call_panel) by extensions ['colcon_meta']
[0.207s] Level 1:colcon.colcon_core.package_identification:_identify(call_panel) by extension 'colcon_meta'
[0.207s] Level 1:colcon.colcon_core.package_identification:_identify(call_panel) by extensions ['ros']
[0.207s] Level 1:colcon.colcon_core.package_identification:_identify(call_panel) by extension 'ros'
[0.207s] DEBUG:colcon.colcon_core.package_identification:Package 'call_panel' with type 'ros.ament_cmake' and name 'Aufzug'
[0.208s] Level 1:colcon.colcon_core.package_identification:_identify(elevator_node) by extensions ['ignore', 'ignore_ament_install']
[0.208s] Level 1:colcon.colcon_core.package_identification:_identify(elevator_node) by extension 'ignore'
[0.208s] Level 1:colcon.colcon_core.package_identification:_identify(elevator_node) by extension 'ignore_ament_install'
[0.208s] Level 1:colcon.colcon_core.package_identification:_identify(elevator_node) by extensions ['colcon_pkg']
[0.208s] Level 1:colcon.colcon_core.package_identification:_identify(elevator_node) by extension 'colcon_pkg'
[0.208s] Level 1:colcon.colcon_core.package_identification:_identify(elevator_node) by extensions ['colcon_meta']
[0.208s] Level 1:colcon.colcon_core.package_identification:_identify(elevator_node) by extension 'colcon_meta'
[0.208s] Level 1:colcon.colcon_core.package_identification:_identify(elevator_node) by extensions ['ros']
[0.209s] Level 1:colcon.colcon_core.package_identification:_identify(elevator_node) by extension 'ros'
[0.209s] Level 1:colcon.colcon_core.package_identification:_identify(elevator_node) by extensions ['cmake', 'python']
[0.209s] Level 1:colcon.colcon_core.package_identification:_identify(elevator_node) by extension 'cmake'
[0.209s] Level 1:colcon.colcon_core.package_identification:_identify(elevator_node) by extension 'python'
[0.209s] Level 1:colcon.colcon_core.package_identification:_identify(elevator_node) by extensions ['python_setup_py']
[0.210s] Level 1:colcon.colcon_core.package_identification:_identify(elevator_node) by extension 'python_setup_py'
[0.210s] Level 1:colcon.colcon_core.package_identification:_identify(elevator_node/src) by extensions ['ignore', 'ignore_ament_install']
[0.210s] Level 1:colcon.colcon_core.package_identification:_identify(elevator_node/src) by extension 'ignore'
[0.211s] Level 1:colcon.colcon_core.package_identification:_identify(elevator_node/src) by extension 'ignore_ament_install'
[0.211s] Level 1:colcon.colcon_core.package_identification:_identify(elevator_node/src) by extensions ['colcon_pkg']
[0.211s] Level 1:colcon.colcon_core.package_identification:_identify(elevator_node/src) by extension 'colcon_pkg'
[0.211s] Level 1:colcon.colcon_core.package_identification:_identify(elevator_node/src) by extensions ['colcon_meta']
[0.211s] Level 1:colcon.colcon_core.package_identification:_identify(elevator_node/src) by extension 'colcon_meta'
[0.211s] Level 1:colcon.colcon_core.package_identification:_identify(elevator_node/src) by extensions ['ros']
[0.211s] Level 1:colcon.colcon_core.package_identification:_identify(elevator_node/src) by extension 'ros'
[0.212s] Level 1:colcon.colcon_core.package_identification:_identify(elevator_node/src) by extensions ['cmake', 'python']
[0.212s] Level 1:colcon.colcon_core.package_identification:_identify(elevator_node/src) by extension 'cmake'
[0.212s] Level 1:colcon.colcon_core.package_identification:_identify(elevator_node/src) by extension 'python'
[0.212s] Level 1:colcon.colcon_core.package_identification:_identify(elevator_node/src) by extensions ['python_setup_py']
[0.212s] Level 1:colcon.colcon_core.package_identification:_identify(elevator_node/src) by extension 'python_setup_py'
[0.212s] Level 1:colcon.colcon_core.package_identification:_identify(install) by extensions ['ignore', 'ignore_ament_install']
[0.213s] Level 1:colcon.colcon_core.package_identification:_identify(install) by extension 'ignore'
[0.213s] Level 1:colcon.colcon_core.package_identification:_identify(install) ignored
[0.213s] Level 1:colcon.colcon_core.package_identification:_identify(log) by extensions ['ignore', 'ignore_ament_install']
[0.213s] Level 1:colcon.colcon_core.package_identification:_identify(log) by extension 'ignore'
[0.213s] Level 1:colcon.colcon_core.package_identification:_identify(log) ignored
[0.214s] Level 1:colcon.colcon_core.package_discovery:discover_packages(recursive) using defaults
[0.214s] Level 1:colcon.colcon_core.package_discovery:discover_packages(ignore) discover
[0.214s] Level 1:colcon.colcon_core.package_discovery:discover_packages(ignore) using defaults
[0.214s] Level 1:colcon.colcon_core.package_discovery:discover_packages(path) discover
[0.214s] Level 1:colcon.colcon_core.package_discovery:discover_packages(path) using defaults
[0.214s] WARNING:colcon.colcon_core.package_selection:ignoring unknown package 'aufzug' in --packages-select
[0.237s] INFO:colcon.colcon_core.package_selection:Skipping not selected package 'Aufzug' in 'call_panel'
[0.238s] INFO:colcon.colcon_core.package_selection:Skipping not selected package 'call_button_py' in 'call_button_py'
[0.239s] Level 1:colcon.colcon_core.package_discovery:discover_packages(prefix_path) check parameters
[0.239s] Level 1:colcon.colcon_core.package_discovery:discover_packages(prefix_path) discover
[0.243s] DEBUG:colcon.colcon_installed_package_information.package_discovery:Found 308 installed packages in /opt/ros/jazzy
[0.244s] Level 1:colcon.colcon_core.package_discovery:discover_packages(prefix_path) using defaults
[0.300s] INFO:colcon.colcon_core.executor:Executing jobs using 'parallel' executor
[0.302s] DEBUG:colcon.colcon_parallel_executor.executor.parallel:run_until_complete
[0.302s] DEBUG:colcon.colcon_parallel_executor.executor.parallel:closing loop
[0.302s] DEBUG:colcon.colcon_parallel_executor.executor.parallel:loop closed
[0.303s] DEBUG:colcon.colcon_parallel_executor.executor.parallel:run_until_complete finished with '0'
[0.303s] DEBUG:colcon.colcon_core.event_reactor:joining thread
[0.310s] INFO:colcon.colcon_core.plugin_system:Skipping extension 'colcon_notification.desktop_notification.terminal_notifier': Not used on non-Darwin systems
[0.310s] INFO:colcon.colcon_core.plugin_system:Skipping extension 'colcon_notification.desktop_notification.win32': Not used on non-Windows systems
[0.311s] INFO:colcon.colcon_notification.desktop_notification:Sending desktop notification using 'notify2'
[0.347s] DEBUG:colcon.colcon_core.event_reactor:joined thread
[0.350s] INFO:colcon.colcon_core.plugin_system:Skipping extension 'colcon_core.shell.bat': Not used on non-Windows systems
[0.350s] INFO:colcon.colcon_core.shell:Creating prefix script '/home/ros2/ros2_ws/src/aufzug/install/local_setup.ps1'
[0.352s] INFO:colcon.colcon_core.shell:Creating prefix util module '/home/ros2/ros2_ws/src/aufzug/install/_local_setup_util_ps1.py'
[0.354s] INFO:colcon.colcon_core.shell:Creating prefix chain script '/home/ros2/ros2_ws/src/aufzug/install/setup.ps1'
[0.355s] INFO:colcon.colcon_core.shell:Creating prefix script '/home/ros2/ros2_ws/src/aufzug/install/local_setup.sh'
[0.356s] INFO:colcon.colcon_core.shell:Creating prefix util module '/home/ros2/ros2_ws/src/aufzug/install/_local_setup_util_sh.py'
[0.356s] INFO:colcon.colcon_core.shell:Creating prefix chain script '/home/ros2/ros2_ws/src/aufzug/install/setup.sh'
[0.358s] INFO:colcon.colcon_core.shell:Creating prefix script '/home/ros2/ros2_ws/src/aufzug/install/local_setup.bash'
[0.358s] INFO:colcon.colcon_core.shell:Creating prefix chain script '/home/ros2/ros2_ws/src/aufzug/install/setup.bash'
[0.359s] INFO:colcon.colcon_core.shell:Creating prefix script '/home/ros2/ros2_ws/src/aufzug/install/local_setup.zsh'
[0.360s] INFO:colcon.colcon_core.shell:Creating prefix chain script '/home/ros2/ros2_ws/src/aufzug/install/setup.zsh'
