[1.191s] Invoking command in '/home/ros2/ros2_ws/src/aufzug/call_button_py': DEBUGINFOD_URLS=https://debuginfod.ubuntu.com PYTHONPATH=/home/ros2/ros2_ws/src/aufzug/build/call_button_py/prefix_override:/usr/lib/python3/dist-packages/colcon_core/task/python/colcon_distutils_commands:/home/ros2/ros2_ws/src/aufzug/install/call_button_py/lib/python3.12/site-packages:${PYTHONPATH} /usr/bin/python3 -W ignore:setup.py install is deprecated setup.py egg_info --egg-base ../build/call_button_py build --build-base /home/ros2/ros2_ws/src/aufzug/build/call_button_py/build install --record /home/ros2/ros2_ws/src/aufzug/build/call_button_py/install.log --single-version-externally-managed install_data
[1.532s] running egg_info
[1.570s] writing ../build/call_button_py/call_button_py.egg-info/PKG-INFO
[1.571s] writing dependency_links to ../build/call_button_py/call_button_py.egg-info/dependency_links.txt
[1.571s] writing entry points to ../build/call_button_py/call_button_py.egg-info/entry_points.txt
[1.572s] writing requirements to ../build/call_button_py/call_button_py.egg-info/requires.txt
[1.572s] writing top-level names to ../build/call_button_py/call_button_py.egg-info/top_level.txt
[1.619s] reading manifest file '../build/call_button_py/call_button_py.egg-info/SOURCES.txt'
[1.620s] adding license file 'LICENSE'
[1.620s] writing manifest file '../build/call_button_py/call_button_py.egg-info/SOURCES.txt'
[1.620s] running build
[1.620s] running build_py
[1.621s] copying call_button_py/call_button_function.py -> /home/ros2/ros2_ws/src/aufzug/build/call_button_py/build/lib/call_button_py
[1.621s] running install
[1.626s] running install_lib
[1.645s] copying /home/ros2/ros2_ws/src/aufzug/build/call_button_py/build/lib/call_button_py/call_button_function.py -> /home/ros2/ros2_ws/src/aufzug/install/call_button_py/lib/python3.12/site-packages/call_button_py
[1.647s] byte-compiling /home/ros2/ros2_ws/src/aufzug/install/call_button_py/lib/python3.12/site-packages/call_button_py/call_button_function.py to call_button_function.cpython-312.pyc
[1.649s] running install_data
[1.650s] running install_egg_info
[1.674s] removing '/home/ros2/ros2_ws/src/aufzug/install/call_button_py/lib/python3.12/site-packages/call_button_py-0.0.0-py3.12.egg-info' (and everything under it)
[1.678s] Copying ../build/call_button_py/call_button_py.egg-info to /home/ros2/ros2_ws/src/aufzug/install/call_button_py/lib/python3.12/site-packages/call_button_py-0.0.0-py3.12.egg-info
[1.680s] running install_scripts
[1.848s] Installing talker script to /home/ros2/ros2_ws/src/aufzug/install/call_button_py/lib/call_button_py
[1.850s] writing list of installed files to '/home/ros2/ros2_ws/src/aufzug/build/call_button_py/install.log'
[1.883s] Invoked command in '/home/ros2/ros2_ws/src/aufzug/call_button_py' returned '0': DEBUGINFOD_URLS=https://debuginfod.ubuntu.com PYTHONPATH=/home/ros2/ros2_ws/src/aufzug/build/call_button_py/prefix_override:/usr/lib/python3/dist-packages/colcon_core/task/python/colcon_distutils_commands:/home/ros2/ros2_ws/src/aufzug/install/call_button_py/lib/python3.12/site-packages:${PYTHONPATH} /usr/bin/python3 -W ignore:setup.py install is deprecated setup.py egg_info --egg-base ../build/call_button_py build --build-base /home/ros2/ros2_ws/src/aufzug/build/call_button_py/build install --record /home/ros2/ros2_ws/src/aufzug/build/call_button_py/install.log --single-version-externally-managed install_data
